TN:
SF:src/api/auth.api.ts
FN:12,(anonymous_0)
FN:25,(anonymous_1)
FN:46,(anonymous_2)
FNF:3
FNH:0
FNDA:0,(anonymous_0)
FNDA:0,(anonymous_1)
FNDA:0,(anonymous_2)
DA:12,1
DA:15,0
DA:16,0
DA:25,1
DA:28,0
DA:29,0
DA:46,1
DA:49,0
DA:53,0
LF:9
LH:3
BRF:0
BRH:0
end_of_record
TN:
SF:src/api/cart.api.ts
FN:121,getServerCart
FN:140,addToServerCart
FN:163,updateServerCartItem
FN:182,deleteFromServerCart
FN:201,clearServerCart
FNF:5
FNH:0
FNDA:0,getServerCart
FNDA:0,addToServerCart
FNDA:0,updateServerCartItem
FNDA:0,deleteFromServerCart
FNDA:0,clearServerCart
DA:122,0
DA:123,0
DA:144,0
DA:148,0
DA:167,0
DA:171,0
DA:185,0
DA:188,0
DA:202,0
DA:203,0
LF:10
LH:0
BRF:0
BRH:0
end_of_record
TN:
SF:src/api/categories.api.ts
FN:33,createCategory
FN:54,updateCategory
FN:76,deleteCategory
FNF:3
FNH:0
FNDA:0,createCategory
FNDA:0,updateCategory
FNDA:0,deleteCategory
DA:36,0
DA:40,0
DA:58,0
DA:62,0
DA:79,0
DA:82,0
LF:6
LH:0
BRF:0
BRH:0
end_of_record
TN:
SF:src/api/orders.api.ts
FN:23,getAdminOrders
FN:41,getAdminOrderById
FN:62,updateOrderStatus
FNF:3
FNH:0
FNDA:0,getAdminOrders
FNDA:0,getAdminOrderById
FNDA:0,updateOrderStatus
DA:26,0
DA:30,0
DA:44,0
DA:47,0
DA:66,0
DA:70,0
LF:6
LH:0
BRF:0
BRH:0
end_of_record
TN:
SF:src/api/products.api.ts
FN:68,getProducts
FN:86,getProductById
FN:108,createProduct
FN:131,updateProduct
FN:151,deleteProduct
FN:176,getCategories
FNF:6
FNH:0
FNDA:0,getProducts
FNDA:0,getProductById
FNDA:0,createProduct
FNDA:0,updateProduct
FNDA:0,deleteProduct
FNDA:0,getCategories
DA:71,0
DA:75,0
DA:89,0
DA:92,0
DA:111,0
DA:116,0
DA:135,0
DA:140,0
DA:154,0
DA:157,0
DA:179,0
DA:182,0
LF:12
LH:0
BRF:0
BRH:0
end_of_record
TN:
SF:src/api/wishlist.api.ts
FN:60,getWishlist
FN:85,toggleWishlistItem
FNF:2
FNH:0
FNDA:0,getWishlist
FNDA:0,toggleWishlistItem
DA:61,0
DA:64,0
DA:88,0
DA:91,0
LF:4
LH:0
BRF:0
BRH:0
end_of_record
TN:
SF:src/api/base/axios.ts
FN:138,(anonymous_0)
FN:158,(anonymous_1)
FN:159,(anonymous_2)
FN:177,(anonymous_3)
FN:193,(anonymous_4)
FN:202,(anonymous_5)
FN:210,(anonymous_6)
FN:232,(anonymous_7)
FN:234,(anonymous_8)
FN:285,(anonymous_9)
FN:316,(anonymous_10)
FNF:11
FNH:1
FNDA:3,(anonymous_0)
FNDA:0,(anonymous_1)
FNDA:0,(anonymous_2)
FNDA:0,(anonymous_3)
FNDA:0,(anonymous_4)
FNDA:0,(anonymous_5)
FNDA:0,(anonymous_6)
FNDA:0,(anonymous_7)
FNDA:0,(anonymous_8)
FNDA:0,(anonymous_9)
FNDA:0,(anonymous_10)
DA:138,3
DA:139,3
DA:149,3
DA:155,3
DA:158,3
DA:159,0
DA:160,0
DA:161,0
DA:163,0
DA:166,0
DA:177,3
DA:180,0
DA:181,0
DA:182,0
DA:186,0
DA:187,0
DA:188,0
DA:191,0
DA:193,0
DA:200,3
DA:203,0
DA:204,0
DA:206,0
DA:211,0
DA:216,0
DA:217,0
DA:218,0
DA:220,0
DA:224,0
DA:226,0
DA:227,0
DA:231,0
DA:232,0
DA:233,0
DA:235,0
DA:236,0
DA:240,0
DA:241,0
DA:243,0
DA:246,0
DA:252,0
DA:253,0
DA:254,0
DA:256,0
DA:257,0
DA:259,0
DA:270,0
DA:271,0
DA:273,0
DA:277,0
DA:279,0
DA:280,0
DA:285,0
DA:288,0
DA:290,0
DA:296,0
DA:297,0
DA:301,0
DA:302,0
DA:303,0
DA:310,0
DA:315,0
DA:318,0
DA:322,0
DA:326,0
DA:330,3
LF:66
LH:8
BRDA:158,0,0,0
BRDA:160,1,0,0
BRDA:160,1,1,0
BRDA:181,2,0,0
BRDA:181,2,1,0
BRDA:186,3,0,0
BRDA:186,3,1,0
BRDA:203,4,0,0
BRDA:203,4,1,0
BRDA:216,5,0,0
BRDA:216,5,1,0
BRDA:217,6,0,0
BRDA:217,6,1,0
BRDA:224,7,0,0
BRDA:224,7,1,0
BRDA:224,8,0,0
BRDA:224,8,1,0
BRDA:226,9,0,0
BRDA:226,9,1,0
BRDA:231,10,0,0
BRDA:231,10,1,0
BRDA:270,11,0,0
BRDA:270,11,1,0
BRDA:273,12,0,0
BRDA:273,12,1,0
BRDA:277,13,0,0
BRDA:277,13,1,0
BRDA:279,14,0,0
BRDA:279,14,1,0
BRDA:296,15,0,0
BRDA:296,15,1,0
BRDA:301,16,0,0
BRDA:301,16,1,0
BRDA:310,17,0,0
BRDA:310,17,1,0
BRDA:311,18,0,0
BRDA:311,18,1,0
BRDA:311,18,2,0
BRDA:311,18,3,0
BRDA:311,18,4,0
BRDA:311,18,5,0
BRDA:311,18,6,0
BRDA:311,18,7,0
BRF:43
BRH:0
end_of_record
TN:
SF:src/components/admin/DeleteModal.tsx
FN:64,DeleteModal
FN:74,(anonymous_1)
FN:77,(anonymous_2)
FN:78,(anonymous_3)
FN:83,(anonymous_4)
FN:89,(anonymous_5)
FN:96,(anonymous_6)
FN:115,(anonymous_7)
FNF:8
FNH:7
FNDA:18,DeleteModal
FNDA:16,(anonymous_1)
FNDA:1,(anonymous_2)
FNDA:12,(anonymous_3)
FNDA:16,(anonymous_4)
FNDA:15,(anonymous_5)
FNDA:0,(anonymous_6)
FNDA:3,(anonymous_7)
DA:34,1
DA:71,18
DA:74,18
DA:75,16
DA:77,12
DA:78,12
DA:83,18
DA:84,16
DA:85,12
DA:87,4
DA:89,16
DA:90,15
DA:94,18
DA:96,12
DA:97,0
DA:100,12
DA:115,3
LF:17
LH:16
BRDA:75,0,0,12
BRDA:75,0,1,4
BRDA:84,1,0,12
BRDA:84,1,1,4
BRDA:94,2,0,6
BRDA:94,2,1,12
BRDA:97,3,0,0
BRDA:97,3,1,0
BRDA:171,4,0,12
BRDA:171,4,1,3
BRDA:174,5,0,3
BRDA:174,5,1,9
BRF:12
BRH:10
end_of_record
TN:
SF:src/components/auth/Divider.tsx
FN:1,(anonymous_0)
FN:1,(anonymous_0)
FNF:2
FNH:2
FNDA:3,(anonymous_0)
FNDA:1,(anonymous_0)
DA:1,2
DA:2,3
LF:2
LH:2
BRF:0
BRH:0
end_of_record
TN:
SF:src/components/auth/common/error-notification/ErrorNotification.tsx
FN:1,(anonymous_0)
FNF:1
FNH:1
FNDA:26,(anonymous_0)
DA:1,6
DA:8,26
LF:2
LH:2
BRDA:11,0,0,26
BRDA:11,0,1,6
BRDA:13,1,0,6
BRDA:13,1,1,3
BRF:4
BRH:4
end_of_record
TN:
SF:src/components/auth/common/icons/FacebookIcon.tsx
FN:2,(anonymous_0)
FNF:1
FNH:1
FNDA:4,(anonymous_0)
DA:2,2
DA:3,4
LF:2
LH:2
BRF:0
BRH:0
end_of_record
TN:
SF:src/components/auth/common/icons/GoogleIcon.tsx
FN:1,(anonymous_0)
FN:1,(anonymous_0)
FNF:2
FNH:2
FNDA:8,(anonymous_0)
FNDA:1,(anonymous_0)
DA:1,4
DA:2,8
LF:2
LH:2
BRF:0
BRH:0
end_of_record
TN:
SF:src/components/auth/common/icons/Microsoft.tsx
FN:1,(anonymous_0)
FN:1,(anonymous_0)
FNF:2
FNH:2
FNDA:8,(anonymous_0)
FNDA:1,(anonymous_0)
DA:1,4
DA:2,8
LF:2
LH:2
BRF:0
BRH:0
end_of_record
TN:
SF:src/components/auth/common/spinner/Spinner.tsx
FN:1,(anonymous_0)
FNF:1
FNH:1
FNDA:3,(anonymous_0)
DA:1,4
DA:2,3
LF:2
LH:2
BRF:0
BRH:0
end_of_record
TN:
SF:src/components/auth/social-media-auth/SocialLogin.tsx
FN:8,(anonymous_0)
FN:18,(anonymous_1)
FN:28,(anonymous_2)
FN:38,(anonymous_3)
FNF:4
FNH:4
FNDA:4,(anonymous_0)
FNDA:1,(anonymous_1)
FNDA:1,(anonymous_2)
FNDA:1,(anonymous_3)
DA:8,2
DA:9,5
DA:11,4
DA:18,1
DA:28,1
DA:38,1
LF:6
LH:6
BRDA:22,0,0,0
BRDA:22,0,1,4
BRDA:32,1,0,0
BRDA:32,1,1,4
BRDA:42,2,0,0
BRDA:42,2,1,4
BRF:6
BRH:3
end_of_record
TN:
SF:src/components/common/GlobalLoader.tsx
FN:98,GlobalLoader
FN:111,(anonymous_1)
FN:98,GlobalLoader
FNF:3
FNH:3
FNDA:12,GlobalLoader
FNDA:6,(anonymous_1)
FNDA:2,GlobalLoader
DA:111,12
DA:112,12
DA:114,12
LF:3
LH:3
BRDA:98,0,0,12
BRDA:112,1,0,12
BRDA:112,1,1,8
BRDA:129,2,0,4
BRDA:129,2,1,8
BRF:5
BRH:5
end_of_record
TN:
SF:src/components/form/input/FormInputControl.tsx
FN:21,(anonymous_0)
FN:115,(anonymous_1)
FN:138,(anonymous_2)
FN:21,(anonymous_0)
FNF:4
FNH:4
FNDA:66,(anonymous_0)
FNDA:26,(anonymous_1)
FNDA:16,(anonymous_2)
FNDA:14,(anonymous_0)
DA:21,3
DA:33,66
DA:34,66
DA:37,66
DA:39,66
DA:44,66
DA:47,66
DA:48,4
DA:74,62
DA:75,4
DA:99,58
DA:100,10
DA:116,26
DA:132,48
DA:133,8
DA:139,16
DA:162,40
DA:163,10
DA:189,30
LF:19
LH:19
BRDA:24,0,0,66
BRDA:29,1,0,66
BRDA:30,2,0,66
BRDA:39,3,0,6
BRDA:39,3,1,60
BRDA:47,4,0,4
BRDA:47,4,1,62
BRDA:58,5,0,0
BRDA:58,5,1,4
BRDA:59,6,0,0
BRDA:59,6,1,4
BRDA:64,7,0,4
BRDA:64,7,1,0
BRDA:74,8,0,4
BRDA:74,8,1,58
BRDA:81,9,0,0
BRDA:81,9,1,4
BRDA:82,10,0,0
BRDA:82,10,1,4
BRDA:89,11,0,4
BRDA:89,11,1,0
BRDA:99,12,0,10
BRDA:99,12,1,48
BRDA:108,13,0,0
BRDA:108,13,1,10
BRDA:109,14,0,0
BRDA:109,14,1,10
BRDA:122,15,0,10
BRDA:122,15,1,0
BRDA:132,16,0,8
BRDA:132,16,1,40
BRDA:143,17,0,0
BRDA:143,17,1,16
BRDA:144,18,0,0
BRDA:144,18,1,16
BRDA:152,19,0,8
BRDA:152,19,1,0
BRDA:162,20,0,10
BRDA:162,20,1,30
BRDA:173,21,0,0
BRDA:173,21,1,10
BRDA:174,22,0,0
BRDA:174,22,1,10
BRDA:179,23,0,10
BRDA:179,23,1,0
BRDA:200,24,0,6
BRDA:200,24,1,24
BRDA:201,25,0,6
BRDA:201,25,1,24
BRDA:206,26,0,66
BRDA:206,26,1,6
BRDA:47,27,0,0
BRDA:47,27,1,14
BRDA:74,28,0,0
BRDA:74,28,1,14
BRDA:99,29,0,2
BRDA:99,29,1,12
BRDA:132,30,0,2
BRDA:132,30,1,10
BRDA:162,31,0,2
BRDA:162,31,1,8
BRF:61
BRH:44
end_of_record
TN:
SF:src/components/form/input/index.type.ts
FNF:0
FNH:0
LF:0
LH:0
BRF:0
BRH:0
end_of_record
TN:
SF:src/components/ui/InitSkeleton.tsx
FN:12,InitSkeleton
FN:12,InitSkeleton
FNF:2
FNH:2
FNDA:7,InitSkeleton
FNDA:1,InitSkeleton
DA:13,7
LF:1
LH:1
BRF:0
BRH:0
end_of_record
TN:
SF:src/components/ui/Skeleton.tsx
FN:51,Skeleton
FN:68,ProductCardSkeleton
FN:98,TableRowSkeleton
FNF:3
FNH:3
FNDA:804,Skeleton
FNDA:96,ProductCardSkeleton
FNDA:24,TableRowSkeleton
DA:24,1
DA:51,10
DA:52,804
DA:68,10
DA:69,96
DA:98,10
DA:99,24
LF:7
LH:7
BRDA:51,0,0,804
BRF:1
BRH:1
end_of_record
TN:
SF:src/config/Define.ts
FNF:0
FNH:0
DA:25,3
DA:27,3
DA:36,3
LF:3
LH:3
BRDA:27,0,0,3
BRDA:27,0,1,0
BRDA:29,1,0,0
BRDA:29,1,1,0
BRF:4
BRH:1
end_of_record
TN:
SF:src/config/firebase.ts
FNF:0
FNH:0
DA:15,1
DA:22,1
DA:30,1
DA:31,1
DA:32,1
DA:33,1
DA:34,1
DA:35,1
DA:36,1
LF:9
LH:9
BRF:0
BRH:0
end_of_record
TN:
SF:src/config/whitelist.config.ts
FN:130,findWhitelistRule
FNF:1
FNH:0
FNDA:0,findWhitelistRule
DA:83,0
DA:132,0
DA:133,0
DA:137,0
DA:138,0
DA:140,0
DA:141,0
DA:142,0
DA:143,0
DA:147,0
LF:10
LH:0
BRDA:132,0,0,0
BRDA:132,0,1,0
BRDA:141,1,0,0
BRDA:141,1,1,0
BRDA:141,2,0,0
BRDA:141,2,1,0
BRDA:141,2,2,0
BRF:7
BRH:0
end_of_record
TN:
SF:src/core/content/content.service.ts
FN:94,fetchFromCms
FN:173,useContent
FN:179,(anonymous_2)
FN:199,(anonymous_3)
FN:211,(anonymous_4)
FN:232,clearContentCache
FN:237,getContentCacheSnapshot
FNF:7
FNH:0
FNDA:0,fetchFromCms
FNDA:0,useContent
FNDA:0,(anonymous_2)
FNDA:0,(anonymous_3)
FNDA:0,(anonymous_4)
FNDA:0,clearContentCache
FNDA:0,getContentCacheSnapshot
DA:64,0
DA:70,0
DA:77,0
DA:80,0
DA:99,0
DA:101,0
DA:102,0
DA:104,0
DA:106,0
DA:107,0
DA:108,0
DA:110,0
DA:112,0
DA:113,0
DA:115,0
DA:116,0
DA:119,0
DA:120,0
DA:122,0
DA:174,0
DA:175,0
DA:177,0
DA:179,0
DA:182,0
DA:183,0
DA:187,0
DA:190,0
DA:193,0
DA:195,0
DA:196,0
DA:197,0
DA:199,0
DA:200,0
DA:201,0
DA:205,0
DA:210,0
DA:212,0
DA:213,0
DA:214,0
DA:219,0
DA:233,0
DA:238,0
LF:42
LH:0
BRDA:64,0,0,0
BRDA:64,0,1,0
BRDA:70,1,0,0
BRDA:70,1,1,0
BRDA:101,2,0,0
BRDA:101,2,1,0
BRDA:102,3,0,0
BRDA:102,3,1,0
BRDA:110,4,0,0
BRDA:110,4,1,0
BRDA:113,5,0,0
BRDA:113,5,1,0
BRDA:182,6,0,0
BRDA:182,6,1,0
BRDA:183,7,0,0
BRDA:183,7,1,0
BRDA:190,8,0,0
BRDA:190,8,1,0
BRDA:193,9,0,0
BRDA:193,9,1,0
BRDA:195,10,0,0
BRDA:195,10,1,0
BRDA:201,11,0,0
BRDA:201,11,1,0
BRDA:212,12,0,0
BRDA:212,12,1,0
BRDA:222,13,0,0
BRDA:222,13,1,0
BRF:28
BRH:0
end_of_record
TN:
SF:src/core/errors/ErrorBoundary.tsx
FN:91,DefaultErrorFallback
FN:140,(anonymous_1)
FN:168,(anonymous_2)
FN:175,(anonymous_3)
FN:180,(anonymous_4)
FN:196,(anonymous_5)
FN:206,(anonymous_6)
FN:210,(anonymous_7)
FNF:8
FNH:7
FNDA:12,DefaultErrorFallback
FNDA:0,(anonymous_1)
FNDA:18,(anonymous_2)
FNDA:2,(anonymous_3)
FNDA:7,(anonymous_4)
FNDA:4,(anonymous_5)
FNDA:2,(anonymous_6)
FNDA:35,(anonymous_7)
DA:98,12
DA:140,0
DA:169,18
DA:170,18
DA:171,18
DA:176,14
DA:182,7
DA:185,7
DA:186,7
DA:187,7
DA:197,4
DA:201,1
DA:207,2
DA:211,35
DA:212,19
DA:215,16
DA:218,16
DA:219,2
DA:223,14
DA:224,2
DA:228,12
LF:21
LH:20
BRDA:122,0,0,12
BRDA:122,0,1,12
BRDA:185,1,0,7
BRDA:185,1,1,0
BRDA:197,2,0,1
BRDA:197,2,1,3
BRDA:198,3,0,4
BRDA:198,3,1,2
BRDA:211,4,0,19
BRDA:211,4,1,16
BRDA:211,5,0,35
BRDA:211,5,1,16
BRDA:218,6,0,2
BRDA:218,6,1,14
BRDA:223,7,0,2
BRDA:223,7,1,12
BRF:16
BRH:15
end_of_record
TN:
SF:src/core/errors/GlobalErrorRenderer.tsx
FN:56,resolveIcon
FN:64,useActionHandler
FN:70,(anonymous_2)
FN:82,(anonymous_3)
FN:97,PageErrorOverlay
FN:99,(anonymous_5)
FN:104,(anonymous_6)
FN:105,(anonymous_7)
FN:106,(anonymous_8)
FN:184,ModalErrorDialog
FN:186,(anonymous_10)
FN:190,(anonymous_11)
FN:191,(anonymous_12)
FN:192,(anonymous_13)
FN:196,(anonymous_14)
FN:197,(anonymous_15)
FN:201,(anonymous_16)
FN:281,ToastItem
FN:283,(anonymous_18)
FN:286,(anonymous_19)
FN:288,(anonymous_20)
FN:289,(anonymous_21)
FN:337,(anonymous_22)
FN:352,ToastContainer
FN:360,(anonymous_24)
FN:386,GlobalErrorRenderer
FN:387,(anonymous_26)
FN:388,(anonymous_27)
FN:389,(anonymous_28)
FNF:29
FNH:22
FNDA:6,resolveIcon
FNDA:3,useActionHandler
FNDA:0,(anonymous_2)
FNDA:0,(anonymous_3)
FNDA:2,PageErrorOverlay
FNDA:2,(anonymous_5)
FNDA:2,(anonymous_6)
FNDA:0,(anonymous_7)
FNDA:2,(anonymous_8)
FNDA:1,ModalErrorDialog
FNDA:1,(anonymous_10)
FNDA:1,(anonymous_11)
FNDA:0,(anonymous_12)
FNDA:1,(anonymous_13)
FNDA:1,(anonymous_14)
FNDA:0,(anonymous_15)
FNDA:1,(anonymous_16)
FNDA:3,ToastItem
FNDA:3,(anonymous_18)
FNDA:3,(anonymous_19)
FNDA:0,(anonymous_20)
FNDA:0,(anonymous_21)
FNDA:1,(anonymous_22)
FNDA:6,ToastContainer
FNDA:3,(anonymous_24)
FNDA:6,GlobalErrorRenderer
FNDA:6,(anonymous_26)
FNDA:6,(anonymous_27)
FNDA:6,(anonymous_28)
DA:42,1
DA:57,6
DA:68,3
DA:70,3
DA:71,0
DA:72,0
DA:73,0
DA:74,0
DA:75,0
DA:76,0
DA:78,0
DA:82,3
DA:83,0
DA:84,0
DA:85,0
DA:87,0
DA:90,3
DA:98,2
DA:99,2
DA:100,2
DA:101,2
DA:104,2
DA:105,2
DA:106,2
DA:109,2
DA:110,2
DA:114,2
DA:185,1
DA:186,1
DA:187,1
DA:188,1
DA:190,1
DA:191,1
DA:192,1
DA:196,1
DA:197,1
DA:198,0
DA:200,1
DA:201,1
DA:204,1
DA:206,1
DA:282,3
DA:283,3
DA:286,3
DA:287,3
DA:288,0
DA:289,0
DA:292,3
DA:293,3
DA:299,3
DA:301,3
DA:337,1
DA:353,6
DA:354,2
DA:361,3
DA:387,6
DA:388,6
DA:389,6
DA:391,6
LF:59
LH:45
BRDA:57,0,0,6
BRDA:57,0,1,0
BRDA:71,1,0,0
BRDA:71,1,1,0
BRDA:72,2,0,0
BRDA:72,2,1,0
BRDA:74,3,0,0
BRDA:74,3,1,0
BRDA:83,4,0,0
BRDA:83,4,1,0
BRDA:84,5,0,0
BRDA:84,5,1,0
BRDA:110,6,0,0
BRDA:110,6,1,2
BRDA:112,7,0,2
BRDA:112,7,1,0
BRDA:153,8,0,0
BRDA:153,8,1,2
BRDA:158,9,0,2
BRDA:158,9,1,0
BRDA:198,10,0,0
BRDA:198,10,1,0
BRDA:198,11,0,0
BRDA:198,11,1,0
BRDA:216,12,0,1
BRDA:216,12,1,0
BRDA:223,13,0,1
BRDA:223,13,1,1
BRDA:260,14,0,1
BRDA:260,14,1,0
BRDA:262,15,0,1
BRDA:262,15,1,0
BRDA:287,16,0,3
BRDA:287,16,1,0
BRDA:299,17,0,3
BRDA:299,17,1,3
BRDA:321,18,0,3
BRDA:321,18,1,0
BRDA:334,19,0,3
BRDA:334,19,1,3
BRDA:353,20,0,4
BRDA:353,20,1,2
BRDA:393,21,0,6
BRDA:393,21,1,2
BRDA:394,22,0,6
BRDA:394,22,1,1
BRF:46
BRH:22
end_of_record
TN:
SF:src/core/errors/default-error.ts
FNF:0
FNH:0
DA:18,0
LF:1
LH:0
BRF:0
BRH:0
end_of_record
TN:
SF:src/core/errors/error.config.ts
FNF:0
FNH:0
DA:42,7
LF:1
LH:1
BRF:0
BRH:0
end_of_record
TN:
SF:src/core/errors/error.handler.ts
FN:75,resolveErrorCode
FN:126,handleApiError
FN:154,handleRouteError
FN:158,(anonymous_3)
FNF:4
FNH:2
FNDA:16,resolveErrorCode
FNDA:2,handleApiError
FNDA:0,handleRouteError
FNDA:0,(anonymous_3)
DA:46,4
DA:80,16
DA:85,11
DA:87,11
DA:88,3
DA:93,13
DA:94,8
DA:95,8
DA:96,7
DA:97,5
DA:98,4
DA:102,5
DA:103,1
DA:104,1
DA:105,1
DA:106,1
DA:107,1
DA:131,2
DA:132,2
DA:158,0
DA:159,0
LF:21
LH:19
BRDA:80,0,0,11
BRDA:80,0,1,5
BRDA:81,1,0,16
BRDA:81,1,1,11
BRDA:81,1,2,11
BRDA:87,2,0,3
BRDA:87,2,1,8
BRDA:87,3,0,11
BRDA:87,3,1,4
BRDA:93,4,0,8
BRDA:93,4,1,5
BRDA:93,5,0,13
BRDA:93,5,1,8
BRDA:95,6,0,1
BRDA:95,6,1,7
BRDA:96,7,0,2
BRDA:96,7,1,5
BRDA:97,8,0,1
BRDA:97,8,1,4
BRDA:98,9,0,4
BRDA:98,9,1,0
BRDA:102,10,0,1
BRDA:102,10,1,1
BRDA:102,10,2,1
BRDA:102,10,3,1
BRDA:102,10,4,1
BRF:26
BRH:25
end_of_record
TN:
SF:src/core/errors/error.store.ts
FN:123,(anonymous_0)
FN:129,(anonymous_1)
FN:157,(anonymous_2)
FN:179,(anonymous_3)
FN:181,(anonymous_4)
FN:183,(anonymous_5)
FN:184,(anonymous_6)
FN:185,(anonymous_7)
FN:188,(anonymous_8)
FN:190,(anonymous_9)
FN:190,(anonymous_9)
FNF:11
FNH:11
FNDA:5,(anonymous_0)
FNDA:31,(anonymous_1)
FNDA:31,(anonymous_2)
FNDA:1,(anonymous_3)
FNDA:1,(anonymous_4)
FNDA:1,(anonymous_5)
FNDA:1,(anonymous_6)
FNDA:1,(anonymous_7)
FNDA:1,(anonymous_8)
FNDA:24,(anonymous_9)
FNDA:23,(anonymous_9)
DA:105,5
DA:123,5
DA:131,32
DA:132,31
DA:135,31
DA:139,31
DA:141,31
DA:157,31
DA:158,31
DA:160,10
DA:162,5
DA:165,15
DA:172,1
DA:174,0
DA:179,1
DA:181,1
DA:184,1
DA:185,1
DA:188,1
DA:191,24
LF:20
LH:19
BRDA:129,0,0,31
BRDA:132,1,0,31
BRDA:132,1,1,31
BRDA:135,2,0,31
BRDA:135,2,1,0
BRDA:139,3,0,31
BRDA:139,3,1,28
BRDA:147,4,0,31
BRDA:147,4,1,31
BRDA:147,4,2,16
BRDA:152,5,0,15
BRDA:152,5,1,16
BRDA:153,6,0,15
BRDA:153,6,1,15
BRDA:158,7,0,10
BRDA:158,7,1,5
BRDA:158,7,2,15
BRDA:158,7,3,1
BRDA:158,7,4,0
BRF:19
BRH:17
end_of_record
TN:
SF:src/core/init/AppInitializer.tsx
FN:46,AppInitializer
FN:47,(anonymous_1)
FN:48,(anonymous_2)
FN:49,(anonymous_3)
FN:50,(anonymous_4)
FN:52,(anonymous_5)
FN:55,(anonymous_6)
FNF:7
FNH:7
FNDA:3,AppInitializer
FNDA:3,(anonymous_1)
FNDA:3,(anonymous_2)
FNDA:3,(anonymous_3)
FNDA:3,(anonymous_4)
FNDA:3,(anonymous_5)
FNDA:2,(anonymous_6)
DA:47,3
DA:48,3
DA:49,3
DA:50,3
DA:52,3
DA:53,3
DA:55,3
DA:56,2
DA:57,2
DA:58,2
DA:64,3
DA:66,1
LF:12
LH:12
BRDA:64,0,0,2
BRDA:64,0,1,1
BRF:2
BRH:2
end_of_record
TN:
SF:src/core/init/init.service.ts
FN:49,fetchBundle
FN:57,(anonymous_1)
FN:89,fetchInitBundles
FN:102,fetchLocaleBundle
FN:107,getStoredLang
FNF:5
FNH:0
FNDA:0,fetchBundle
FNDA:0,(anonymous_1)
FNDA:0,fetchInitBundles
FNDA:0,fetchLocaleBundle
FNDA:0,getStoredLang
DA:38,0
DA:41,0
DA:43,0
DA:54,0
DA:56,0
DA:57,0
DA:59,0
DA:60,0
DA:61,0
DA:63,0
DA:64,0
DA:67,0
DA:69,0
DA:90,0
DA:95,0
DA:103,0
DA:108,0
DA:109,0
DA:110,0
DA:114,0
LF:20
LH:0
BRDA:41,0,0,0
BRDA:41,0,1,0
BRDA:52,1,0,0
BRDA:61,2,0,0
BRDA:61,2,1,0
BRDA:64,3,0,0
BRDA:64,3,1,0
BRDA:110,4,0,0
BRDA:110,4,1,0
BRDA:110,5,0,0
BRDA:110,5,1,0
BRF:11
BRH:0
end_of_record
TN:
SF:src/core/init/init.store.ts
FN:55,(anonymous_0)
FN:60,(anonymous_1)
FN:62,(anonymous_2)
FN:63,(anonymous_3)
FN:67,(anonymous_4)
FN:78,getDynamicErrorConfig
FN:67,(anonymous_4)
FNF:7
FNH:7
FNDA:5,(anonymous_0)
FNDA:3,(anonymous_1)
FNDA:5,(anonymous_2)
FNDA:5,(anonymous_3)
FNDA:6,(anonymous_4)
FNDA:3,getDynamicErrorConfig
FNDA:5,(anonymous_4)
DA:55,5
DA:60,3
DA:63,5
DA:67,6
DA:79,3
LF:5
LH:5
BRF:0
BRH:0
end_of_record
TN:
SF:src/environments/environment.prod.ts
FNF:0
FNH:0
DA:27,0
LF:1
LH:0
BRF:0
BRH:0
end_of_record
TN:
SF:src/environments/environment.ts
FNF:0
FNH:0
DA:70,4
LF:1
LH:1
BRF:0
BRH:0
end_of_record
TN:
SF:src/features/realtime/hooks/useAdminSocket.ts
FN:40,useAdminSocket
FN:42,(anonymous_1)
FN:43,(anonymous_2)
FN:46,(anonymous_3)
FN:52,(anonymous_4)
FN:59,(anonymous_5)
FNF:6
FNH:0
FNDA:0,useAdminSocket
FNDA:0,(anonymous_1)
FNDA:0,(anonymous_2)
FNDA:0,(anonymous_3)
FNDA:0,(anonymous_4)
FNDA:0,(anonymous_5)
DA:42,0
DA:43,0
DA:46,0
DA:47,0
DA:52,0
DA:54,0
DA:59,0
DA:61,0
DA:65,0
LF:9
LH:0
BRF:0
BRH:0
end_of_record
TN:
SF:src/features/realtime/providers/RealtimeProvider.tsx
FN:36,RealtimeProvider
FN:37,(anonymous_1)
FN:39,(anonymous_2)
FN:42,(anonymous_3)
FNF:4
FNH:3
FNDA:3,RealtimeProvider
FNDA:0,(anonymous_1)
FNDA:3,(anonymous_2)
FNDA:3,(anonymous_3)
DA:28,1
DA:37,3
DA:39,3
DA:40,3
DA:42,3
DA:43,3
DA:44,3
DA:49,3
LF:8
LH:8
BRDA:28,0,0,1
BRDA:28,0,1,0
BRDA:30,1,0,0
BRDA:30,1,1,0
BRF:4
BRH:1
end_of_record
TN:
SF:src/features/realtime/socket/socket.manager.ts
FN:83,randomInt
FN:87,randomFrom
FN:135,(anonymous_2)
FN:142,(anonymous_3)
FN:146,(anonymous_4)
FN:155,(anonymous_5)
FN:163,(anonymous_6)
FN:185,(anonymous_7)
FN:207,(anonymous_8)
FN:227,(anonymous_9)
FN:235,(anonymous_10)
FN:239,(anonymous_11)
FN:249,(anonymous_12)
FN:261,(anonymous_13)
FN:274,(anonymous_14)
FN:290,(anonymous_15)
FN:304,(anonymous_16)
FN:317,(anonymous_17)
FN:326,(anonymous_18)
FN:330,(anonymous_19)
FN:352,(anonymous_20)
FN:378,(anonymous_21)
FN:388,(anonymous_22)
FN:401,(anonymous_23)
FN:414,(anonymous_24)
FN:419,(anonymous_25)
FN:423,(anonymous_26)
FN:430,(anonymous_27)
FN:437,(anonymous_28)
FN:444,(anonymous_29)
FN:458,(anonymous_30)
FN:459,(anonymous_31)
FN:469,(anonymous_32)
FN:498,(anonymous_33)
FN:513,(anonymous_34)
FN:518,(anonymous_35)
FN:523,(anonymous_36)
FN:524,(anonymous_37)
FN:537,(anonymous_38)
FN:548,(anonymous_39)
FN:552,(anonymous_40)
FN:559,(anonymous_41)
FN:560,(anonymous_42)
FN:561,(anonymous_43)
FN:575,(anonymous_44)
FN:579,(anonymous_45)
FN:602,(anonymous_46)
FN:603,(anonymous_47)
FN:604,(anonymous_48)
FN:622,(anonymous_49)
FN:632,(anonymous_50)
FN:637,(anonymous_51)
FN:651,(anonymous_52)
FN:658,(anonymous_53)
FNF:54
FNH:0
FNDA:0,randomInt
FNDA:0,randomFrom
FNDA:0,(anonymous_2)
FNDA:0,(anonymous_3)
FNDA:0,(anonymous_4)
FNDA:0,(anonymous_5)
FNDA:0,(anonymous_6)
FNDA:0,(anonymous_7)
FNDA:0,(anonymous_8)
FNDA:0,(anonymous_9)
FNDA:0,(anonymous_10)
FNDA:0,(anonymous_11)
FNDA:0,(anonymous_12)
FNDA:0,(anonymous_13)
FNDA:0,(anonymous_14)
FNDA:0,(anonymous_15)
FNDA:0,(anonymous_16)
FNDA:0,(anonymous_17)
FNDA:0,(anonymous_18)
FNDA:0,(anonymous_19)
FNDA:0,(anonymous_20)
FNDA:0,(anonymous_21)
FNDA:0,(anonymous_22)
FNDA:0,(anonymous_23)
FNDA:0,(anonymous_24)
FNDA:0,(anonymous_25)
FNDA:0,(anonymous_26)
FNDA:0,(anonymous_27)
FNDA:0,(anonymous_28)
FNDA:0,(anonymous_29)
FNDA:0,(anonymous_30)
FNDA:0,(anonymous_31)
FNDA:0,(anonymous_32)
FNDA:0,(anonymous_33)
FNDA:0,(anonymous_34)
FNDA:0,(anonymous_35)
FNDA:0,(anonymous_36)
FNDA:0,(anonymous_37)
FNDA:0,(anonymous_38)
FNDA:0,(anonymous_39)
FNDA:0,(anonymous_40)
FNDA:0,(anonymous_41)
FNDA:0,(anonymous_42)
FNDA:0,(anonymous_43)
FNDA:0,(anonymous_44)
FNDA:0,(anonymous_45)
FNDA:0,(anonymous_46)
FNDA:0,(anonymous_47)
FNDA:0,(anonymous_48)
FNDA:0,(anonymous_49)
FNDA:0,(anonymous_50)
FNDA:0,(anonymous_51)
FNDA:0,(anonymous_52)
FNDA:0,(anonymous_53)
DA:56,0
DA:62,0
DA:75,0
DA:84,0
DA:88,0
DA:95,0
DA:102,0
DA:103,0
DA:104,0
DA:105,0
DA:112,0
DA:114,0
DA:115,0
DA:116,0
DA:117,0
DA:118,0
DA:119,0
DA:120,0
DA:121,0
DA:124,0
DA:130,0
DA:131,0
DA:136,0
DA:137,0
DA:139,0
DA:147,0
DA:148,0
DA:156,0
DA:157,0
DA:164,0
DA:165,0
DA:166,0
DA:168,0
DA:169,0
DA:172,0
DA:173,0
DA:174,0
DA:176,0
DA:177,0
DA:178,0
DA:181,0
DA:186,0
DA:188,0
DA:189,0
DA:190,0
DA:192,0
DA:193,0
DA:194,0
DA:195,0
DA:197,0
DA:198,0
DA:199,0
DA:200,0
DA:203,0
DA:208,0
DA:209,0
DA:210,0
DA:213,0
DA:214,0
DA:215,0
DA:217,0
DA:218,0
DA:219,0
DA:221,0
DA:222,0
DA:228,0
DA:229,0
DA:231,0
DA:236,0
DA:240,0
DA:249,0
DA:250,0
DA:251,0
DA:252,0
DA:253,0
DA:261,0
DA:262,0
DA:263,0
DA:264,0
DA:265,0
DA:274,0
DA:275,0
DA:276,0
DA:277,0
DA:279,0
DA:280,0
DA:281,0
DA:282,0
DA:283,0
DA:291,0
DA:293,0
DA:294,0
DA:295,0
DA:297,0
DA:298,0
DA:300,0
DA:301,0
DA:304,0
DA:305,0
DA:306,0
DA:307,0
DA:308,0
DA:309,0
DA:310,0
DA:317,0
DA:319,0
DA:320,0
DA:321,0
DA:323,0
DA:326,0
DA:330,0
DA:331,0
DA:334,0
DA:336,0
DA:338,0
DA:339,0
DA:340,0
DA:341,0
DA:344,0
DA:345,0
DA:347,0
DA:354,0
DA:355,0
DA:356,0
DA:360,0
DA:361,0
DA:363,0
DA:364,0
DA:367,0
DA:368,0
DA:369,0
DA:370,0
DA:373,0
DA:374,0
DA:375,0
DA:379,0
DA:382,0
DA:384,0
DA:385,0
DA:386,0
DA:389,0
DA:390,0
DA:391,0
DA:394,0
DA:395,0
DA:398,0
DA:402,0
DA:404,0
DA:409,0
DA:410,0
DA:412,0
DA:413,0
DA:414,0
DA:420,0
DA:421,0
DA:423,0
DA:424,0
DA:426,0
DA:427,0
DA:430,0
DA:431,0
DA:432,0
DA:438,0
DA:439,0
DA:445,0
DA:446,0
DA:447,0
DA:448,0
DA:449,0
DA:450,0
DA:451,0
DA:453,0
DA:459,0
DA:460,0
DA:470,0
DA:472,0
DA:474,0
DA:475,0
DA:477,0
DA:478,0
DA:480,0
DA:481,0
DA:483,0
DA:484,0
DA:486,0
DA:487,0
DA:489,0
DA:490,0
DA:492,0
DA:495,0
DA:499,0
DA:500,0
DA:514,0
DA:515,0
DA:516,0
DA:518,0
DA:519,0
DA:520,0
DA:523,0
DA:524,0
DA:525,0
DA:526,0
DA:532,0
DA:533,0
DA:538,0
DA:539,0
DA:540,0
DA:552,0
DA:553,0
DA:554,0
DA:556,0
DA:560,0
DA:561,0
DA:562,0
DA:564,0
DA:565,0
DA:566,0
DA:567,0
DA:568,0
DA:571,0
DA:575,0
DA:576,0
DA:577,0
DA:579,0
DA:580,0
DA:581,0
DA:582,0
DA:583,0
DA:596,0
DA:599,0
DA:603,0
DA:604,0
DA:605,0
DA:606,0
DA:607,0
DA:608,0
DA:616,0
DA:619,0
DA:623,0
DA:624,0
DA:625,0
DA:633,0
DA:634,0
DA:635,0
DA:636,0
DA:637,0
DA:638,0
DA:639,0
DA:652,0
DA:653,0
DA:654,0
DA:655,0
DA:659,0
DA:660,0
DA:661,0
DA:670,0
LF:256
LH:0
BRDA:136,0,0,0
BRDA:136,0,1,0
BRDA:164,1,0,0
BRDA:164,1,1,0
BRDA:164,2,0,0
BRDA:164,2,1,0
BRDA:176,3,0,0
BRDA:176,3,1,0
BRDA:197,4,0,0
BRDA:197,4,1,0
BRDA:208,5,0,0
BRDA:208,5,1,0
BRDA:213,6,0,0
BRDA:213,6,1,0
BRDA:217,7,0,0
BRDA:217,7,1,0
BRDA:228,8,0,0
BRDA:228,8,1,0
BRDA:251,9,0,0
BRDA:251,9,1,0
BRDA:251,10,0,0
BRDA:251,10,1,0
BRDA:263,11,0,0
BRDA:263,11,1,0
BRDA:275,12,0,0
BRDA:275,12,1,0
BRDA:280,13,0,0
BRDA:280,13,1,0
BRDA:282,14,0,0
BRDA:282,14,1,0
BRDA:282,15,0,0
BRDA:282,15,1,0
BRDA:294,16,0,0
BRDA:294,16,1,0
BRDA:295,17,0,0
BRDA:295,17,1,0
BRDA:319,18,0,0
BRDA:319,18,1,0
BRDA:332,19,0,0
BRDA:332,19,1,0
BRDA:336,20,0,0
BRDA:336,20,1,0
BRDA:344,21,0,0
BRDA:344,21,1,0
BRDA:354,22,0,0
BRDA:354,22,1,0
BRDA:367,23,0,0
BRDA:367,23,1,0
BRDA:369,24,0,0
BRDA:369,24,1,0
BRDA:384,25,0,0
BRDA:384,25,1,0
BRDA:424,26,0,0
BRDA:424,26,1,0
BRDA:438,27,0,0
BRDA:438,27,1,0
BRDA:439,28,0,0
BRDA:439,28,1,0
BRDA:445,29,0,0
BRDA:445,29,1,0
BRDA:448,30,0,0
BRDA:448,30,1,0
BRDA:472,31,0,0
BRDA:472,31,1,0
BRDA:472,31,2,0
BRDA:472,31,3,0
BRDA:472,31,4,0
BRDA:472,31,5,0
BRDA:472,31,6,0
BRDA:562,32,0,0
BRDA:562,32,1,0
BRDA:567,33,0,0
BRDA:567,33,1,0
BRDA:576,34,0,0
BRDA:576,34,1,0
BRDA:580,35,0,0
BRDA:580,35,1,0
BRDA:605,36,0,0
BRDA:605,36,1,0
BRDA:633,37,0,0
BRDA:633,37,1,0
BRDA:652,38,0,0
BRDA:652,38,1,0
BRDA:659,39,0,0
BRDA:659,39,1,0
BRF:85
BRH:0
end_of_record
TN:
SF:src/features/realtime/store/realtime.store.ts
FN:101,buildInitialRooms
FN:103,(anonymous_1)
FN:123,(anonymous_2)
FN:126,(anonymous_3)
FN:130,(anonymous_4)
FN:132,(anonymous_5)
FN:138,(anonymous_6)
FN:142,(anonymous_7)
FN:143,(anonymous_8)
FN:158,(anonymous_9)
FN:159,(anonymous_10)
FN:163,(anonymous_11)
FN:176,(anonymous_12)
FN:177,(anonymous_13)
FN:180,(anonymous_14)
FN:194,(anonymous_15)
FN:195,(anonymous_16)
FN:203,(anonymous_17)
FN:211,(anonymous_18)
FN:212,(anonymous_19)
FN:213,(anonymous_20)
FN:218,(anonymous_21)
FN:219,(anonymous_22)
FN:220,(anonymous_23)
FN:225,(anonymous_24)
FN:226,(anonymous_25)
FN:232,(anonymous_26)
FN:233,(anonymous_27)
FN:234,(anonymous_28)
FN:238,(anonymous_29)
FN:243,(anonymous_30)
FN:247,(anonymous_31)
FNF:32
FNH:31
FNDA:31,buildInitialRooms
FNDA:93,(anonymous_1)
FNDA:1,(anonymous_2)
FNDA:5,(anonymous_3)
FNDA:3,(anonymous_4)
FNDA:4,(anonymous_5)
FNDA:1,(anonymous_6)
FNDA:211,(anonymous_7)
FNDA:211,(anonymous_8)
FNDA:2,(anonymous_9)
FNDA:2,(anonymous_10)
FNDA:2,(anonymous_11)
FNDA:4,(anonymous_12)
FNDA:4,(anonymous_13)
FNDA:1,(anonymous_14)
FNDA:1,(anonymous_15)
FNDA:1,(anonymous_16)
FNDA:1,(anonymous_17)
FNDA:6,(anonymous_18)
FNDA:6,(anonymous_19)
FNDA:2,(anonymous_20)
FNDA:1,(anonymous_21)
FNDA:1,(anonymous_22)
FNDA:2,(anonymous_23)
FNDA:61,(anonymous_24)
FNDA:61,(anonymous_25)
FNDA:1,(anonymous_26)
FNDA:1,(anonymous_27)
FNDA:2,(anonymous_28)
FNDA:1,(anonymous_29)
FNDA:0,(anonymous_30)
FNDA:30,(anonymous_31)
DA:95,1
DA:102,31
DA:103,31
DA:104,93
DA:106,31
DA:109,1
DA:123,1
DA:126,5
DA:131,3
DA:132,3
DA:133,4
DA:135,3
DA:138,1
DA:143,211
DA:144,211
DA:145,211
DA:146,210
DA:159,2
DA:160,2
DA:161,2
DA:162,2
DA:163,2
DA:164,2
DA:165,2
DA:166,2
DA:167,2
DA:168,2
DA:171,2
DA:177,4
DA:178,4
DA:179,4
DA:180,4
DA:181,4
DA:195,1
DA:196,1
DA:197,1
DA:198,1
DA:203,1
DA:212,6
DA:213,2
DA:219,1
DA:220,2
DA:226,61
DA:233,1
DA:234,2
DA:239,1
DA:243,0
DA:247,30
LF:48
LH:47
BRDA:135,0,0,3
BRDA:135,0,1,0
BRDA:145,1,0,1
BRDA:145,1,1,210
BRDA:164,2,0,2
BRDA:164,2,1,0
BRDA:179,3,0,0
BRDA:179,3,1,4
BRDA:186,4,0,1
BRDA:186,4,1,3
BRDA:197,5,0,0
BRDA:197,5,1,1
BRDA:213,6,0,1
BRDA:213,6,1,5
BRF:14
BRH:10
end_of_record
TN:
SF:src/hooks/useCartMerge.ts
FN:77,mapServerItemsToCartItems
FN:81,(anonymous_1)
FN:105,useCartMerge
FN:106,(anonymous_3)
FN:107,(anonymous_4)
FN:109,(anonymous_5)
FN:124,(anonymous_6)
FN:128,(anonymous_7)
FNF:8
FNH:3
FNDA:0,mapServerItemsToCartItems
FNDA:0,(anonymous_1)
FNDA:10,useCartMerge
FNDA:30,(anonymous_3)
FNDA:30,(anonymous_4)
FNDA:0,(anonymous_5)
FNDA:0,(anonymous_6)
FNDA:0,(anonymous_7)
DA:62,1
DA:80,0
DA:81,0
DA:106,30
DA:107,30
DA:109,10
DA:111,0
DA:113,0
DA:117,0
DA:118,0
DA:121,0
DA:123,0
DA:124,0
DA:127,0
DA:129,0
DA:131,0
DA:133,0
DA:137,0
DA:140,0
DA:147,0
DA:152,0
DA:153,0
DA:154,0
DA:157,0
DA:165,10
LF:25
LH:5
BRDA:80,0,0,0
BRDA:80,0,1,0
BRDA:118,1,0,0
BRDA:118,1,1,0
BRDA:121,2,0,0
BRDA:121,2,1,0
BRDA:131,3,0,0
BRDA:131,3,1,0
BRDA:153,4,0,0
BRDA:153,4,1,0
BRF:10
BRH:0
end_of_record
TN:
SF:src/hooks/useDebounce.ts
FN:45,useDebounce
FN:48,(anonymous_1)
FN:49,(anonymous_2)
FN:55,(anonymous_3)
FNF:4
FNH:3
FNDA:9,useDebounce
FNDA:5,(anonymous_1)
FNDA:0,(anonymous_2)
FNDA:5,(anonymous_3)
DA:46,9
DA:48,9
DA:49,5
DA:50,0
DA:55,5
DA:58,9
LF:6
LH:5
BRF:0
BRH:0
end_of_record
TN:
SF:src/hooks/usePageMeta.ts
FN:55,usePageMeta
FN:56,(anonymous_1)
FN:81,(anonymous_2)
FNF:3
FNH:0
FNDA:0,usePageMeta
FNDA:0,(anonymous_1)
FNDA:0,(anonymous_2)
DA:38,0
DA:56,0
DA:58,0
DA:64,0
DA:65,0
DA:68,0
DA:71,0
DA:72,0
DA:73,0
DA:75,0
DA:81,0
DA:82,0
LF:12
LH:0
BRDA:64,0,0,0
BRDA:64,0,1,0
BRDA:68,1,0,0
BRDA:68,1,1,0
BRF:4
BRH:0
end_of_record
TN:
SF:src/hooks/useSocialAuth.ts
FN:80,useSocialAuth
FN:105,(anonymous_1)
FNF:2
FNH:0
FNDA:0,useSocialAuth
FNDA:0,(anonymous_1)
DA:1,1
DA:62,1
DA:81,0
DA:82,0
DA:83,0
DA:84,0
DA:85,0
DA:86,0
DA:105,0
DA:106,0
DA:107,0
DA:108,0
DA:110,0
DA:111,0
DA:112,0
DA:118,0
DA:124,0
DA:125,0
DA:127,0
DA:128,0
DA:132,0
DA:133,0
DA:136,0
DA:137,0
DA:143,0
DA:144,0
DA:146,0
DA:149,0
DA:151,0
DA:155,0
DA:157,0
DA:158,0
DA:159,0
DA:161,0
DA:165,0
LF:35
LH:2
BRDA:120,0,0,0
BRDA:120,0,1,0
BRDA:121,1,0,0
BRDA:121,1,1,0
BRDA:121,1,2,0
BRDA:136,2,0,0
BRDA:136,2,1,0
BRDA:136,3,0,0
BRDA:136,3,1,0
BRDA:143,4,0,0
BRDA:143,4,1,0
BRDA:143,5,0,0
BRDA:143,5,1,0
BRDA:151,6,0,0
BRDA:151,6,1,0
BRDA:152,7,0,0
BRDA:152,7,1,0
BRDA:157,8,0,0
BRDA:157,8,1,0
BRDA:159,9,0,0
BRDA:159,9,1,0
BRF:21
BRH:0
end_of_record
TN:
SF:src/hooks/useWishlistSync.ts
FN:81,useWishlistSync
FN:82,(anonymous_1)
FN:84,(anonymous_2)
FN:86,(anonymous_3)
FN:91,(anonymous_4)
FN:100,(anonymous_5)
FN:101,(anonymous_6)
FN:101,(anonymous_6)
FNF:8
FNH:2
FNDA:10,useWishlistSync
FNDA:30,(anonymous_1)
FNDA:0,(anonymous_2)
FNDA:0,(anonymous_3)
FNDA:0,(anonymous_4)
FNDA:0,(anonymous_5)
FNDA:0,(anonymous_6)
FNDA:0,(anonymous_6)
DA:58,1
DA:82,30
DA:84,10
DA:86,0
DA:88,0
DA:90,0
DA:91,0
DA:92,0
DA:94,0
DA:96,0
DA:100,0
DA:101,0
DA:106,0
DA:107,0
DA:110,0
DA:118,10
LF:16
LH:4
BRDA:91,0,0,0
BRDA:91,0,1,0
BRDA:96,1,0,0
BRDA:96,1,1,0
BRF:4
BRH:0
end_of_record
TN:
SF:src/i18n/i18n.context.tsx
FN:128,loadStoredLang
FN:146,resolve
FN:186,I18nProvider
FN:190,(anonymous_3)
FN:191,(anonymous_4)
FN:194,(anonymous_5)
FN:206,(anonymous_6)
FN:212,(anonymous_7)
FN:216,(anonymous_8)
FNF:9
FNH:0
FNDA:0,loadStoredLang
FNDA:0,resolve
FNDA:0,I18nProvider
FNDA:0,(anonymous_3)
FNDA:0,(anonymous_4)
FNDA:0,(anonymous_5)
FNDA:0,(anonymous_6)
FNDA:0,(anonymous_7)
FNDA:0,(anonymous_8)
DA:114,0
DA:117,0
DA:126,0
DA:129,0
DA:130,0
DA:131,0
DA:135,0
DA:151,0
DA:152,0
DA:153,0
DA:154,0
DA:155,0
DA:157,0
DA:187,0
DA:190,0
DA:191,0
DA:194,0
DA:195,0
DA:196,0
DA:197,0
DA:198,0
DA:199,0
DA:205,0
DA:206,0
DA:207,0
DA:212,0
DA:213,0
DA:216,0
DA:218,0
DA:219,0
DA:224,0
DA:225,0
DA:226,0
DA:228,0
DA:233,0
DA:235,0
LF:36
LH:0
BRDA:131,0,0,0
BRDA:131,0,1,0
BRDA:131,1,0,0
BRDA:131,1,1,0
BRDA:154,2,0,0
BRDA:154,2,1,0
BRDA:154,3,0,0
BRDA:154,3,1,0
BRDA:157,4,0,0
BRDA:157,4,1,0
BRDA:205,5,0,0
BRDA:205,5,1,0
BRDA:224,6,0,0
BRDA:224,6,1,0
BRDA:226,7,0,0
BRDA:226,7,1,0
BRDA:228,8,0,0
BRDA:228,8,1,0
BRF:18
BRH:0
end_of_record
TN:
SF:src/i18n/use-i18n.hook.ts
FN:25,useI18n
FNF:1
FNH:0
FNDA:0,useI18n
DA:26,0
DA:27,0
DA:28,0
DA:30,0
LF:4
LH:0
BRDA:27,0,0,0
BRDA:27,0,1,0
BRF:2
BRH:0
end_of_record
TN:
SF:src/i18n/locales/ar.ts
FNF:0
FNH:0
LF:0
LH:0
BRF:0
BRH:0
end_of_record
TN:
SF:src/i18n/locales/default-ar.ts
FNF:0
FNH:0
DA:12,0
LF:1
LH:0
BRF:0
BRH:0
end_of_record
TN:
SF:src/i18n/locales/default-en.ts
FNF:0
FNH:0
DA:16,0
LF:1
LH:0
BRF:0
BRH:0
end_of_record
TN:
SF:src/i18n/locales/en.ts
FNF:0
FNH:0
LF:0
LH:0
BRF:0
BRH:0
end_of_record
TN:
SF:src/layouts/AdminLayout.tsx
FN:83,AdminLayout
FN:90,(anonymous_1)
FN:91,(anonymous_2)
FN:103,(anonymous_3)
FN:108,(anonymous_4)
FN:122,(anonymous_5)
FN:127,(anonymous_6)
FN:214,(anonymous_7)
FNF:8
FNH:4
FNDA:6,AdminLayout
FNDA:0,(anonymous_1)
FNDA:0,(anonymous_2)
FNDA:0,(anonymous_3)
FNDA:0,(anonymous_4)
FNDA:24,(anonymous_5)
FNDA:48,(anonymous_6)
FNDA:1,(anonymous_7)
DA:56,1
DA:84,6
DA:85,6
DA:86,6
DA:87,6
DA:88,6
DA:90,6
DA:91,6
DA:93,6
DA:103,6
DA:104,0
DA:105,0
DA:108,6
DA:111,6
DA:123,24
DA:128,48
DA:169,6
DA:214,1
LF:18
LH:16
BRDA:95,0,0,0
BRDA:95,0,1,6
BRDA:98,1,0,0
BRDA:98,1,1,6
BRDA:129,2,0,12
BRDA:129,2,1,36
BRDA:144,3,0,6
BRDA:144,3,1,6
BRDA:185,4,0,6
BRDA:185,4,1,1
BRDA:196,5,0,1
BRDA:196,5,1,5
BRDA:231,6,0,0
BRDA:231,6,1,6
BRDA:235,7,0,6
BRDA:235,7,1,0
BRDA:237,8,0,0
BRDA:237,8,1,0
BRDA:246,9,0,0
BRDA:246,9,1,6
BRDA:249,10,0,0
BRDA:249,10,1,6
BRDA:253,11,0,6
BRDA:253,11,1,1
BRDA:265,12,0,6
BRDA:265,12,1,6
BRF:26
BRH:18
end_of_record
TN:
SF:src/layouts/AuthLayout.tsx
FN:47,AuthLayout
FN:53,(anonymous_1)
FN:58,(anonymous_2)
FN:88,(anonymous_3)
FN:111,(anonymous_4)
FN:142,(anonymous_5)
FN:142,(anonymous_6)
FN:199,(anonymous_7)
FN:205,(anonymous_8)
FN:232,(anonymous_9)
FNF:10
FNH:7
FNDA:11,AuthLayout
FNDA:0,(anonymous_1)
FNDA:22,(anonymous_2)
FNDA:22,(anonymous_3)
FNDA:0,(anonymous_4)
FNDA:3,(anonymous_5)
FNDA:3,(anonymous_6)
FNDA:22,(anonymous_7)
FNDA:22,(anonymous_8)
FNDA:0,(anonymous_9)
DA:38,1
DA:48,11
DA:49,11
DA:50,11
DA:51,11
DA:53,11
DA:55,11
DA:56,11
DA:58,11
DA:59,22
DA:65,11
DA:89,22
DA:111,0
DA:142,3
DA:200,22
DA:206,22
DA:233,0
DA:234,0
LF:18
LH:15
BRDA:60,0,0,0
BRDA:60,0,1,22
BRDA:102,1,0,0
BRDA:102,1,1,11
BRDA:105,2,0,0
BRDA:105,2,1,11
BRDA:111,3,0,0
BRDA:111,3,1,0
BRDA:112,4,0,11
BRDA:112,4,1,0
BRDA:116,5,0,11
BRDA:116,5,1,0
BRDA:121,6,0,11
BRDA:121,6,1,1
BRDA:129,7,0,11
BRDA:129,7,1,10
BRDA:143,8,0,2
BRDA:143,8,1,9
BRDA:147,9,0,2
BRDA:147,9,1,9
BRDA:158,10,0,11
BRDA:158,10,1,2
BRDA:169,11,0,2
BRDA:169,11,1,9
BRDA:207,12,0,0
BRDA:207,12,1,22
BRDA:226,13,0,0
BRDA:226,13,1,11
BRDA:227,14,0,0
BRDA:227,14,1,11
BRDA:233,15,0,0
BRDA:233,15,1,0
BRDA:239,16,0,11
BRDA:239,16,1,0
BRDA:242,17,0,11
BRDA:242,17,1,1
BRDA:251,18,0,11
BRDA:251,18,1,10
BRF:38
BRH:25
end_of_record
TN:
SF:src/layouts/UserLayout.tsx
FN:68,UserLayout
FN:71,(anonymous_1)
FN:71,(anonymous_2)
FN:72,(anonymous_3)
FN:79,(anonymous_4)
FN:86,(anonymous_5)
FN:95,(anonymous_6)
FN:97,(anonymous_7)
FN:125,(anonymous_8)
FN:147,(anonymous_9)
FN:222,(anonymous_10)
FN:222,(anonymous_11)
FN:279,(anonymous_12)
FN:284,(anonymous_13)
FN:313,(anonymous_14)
FN:336,(anonymous_15)
FNF:16
FNH:10
FNDA:9,UserLayout
FNDA:9,(anonymous_1)
FNDA:3,(anonymous_2)
FNDA:9,(anonymous_3)
FNDA:0,(anonymous_4)
FNDA:0,(anonymous_5)
FNDA:0,(anonymous_6)
FNDA:36,(anonymous_7)
FNDA:36,(anonymous_8)
FNDA:0,(anonymous_9)
FNDA:1,(anonymous_10)
FNDA:1,(anonymous_11)
FNDA:36,(anonymous_12)
FNDA:36,(anonymous_13)
FNDA:0,(anonymous_14)
FNDA:0,(anonymous_15)
DA:57,1
DA:69,9
DA:71,9
DA:72,9
DA:73,9
DA:74,9
DA:75,9
DA:77,9
DA:79,9
DA:83,0
DA:84,0
DA:85,0
DA:86,0
DA:91,0
DA:92,0
DA:95,9
DA:97,9
DA:98,36
DA:104,9
DA:126,36
DA:147,0
DA:222,1
DA:280,36
DA:285,36
DA:314,0
DA:315,0
DA:337,0
DA:338,0
LF:28
LH:17
BRDA:84,0,0,0
BRDA:84,0,1,0
BRDA:99,1,0,9
BRDA:99,1,1,27
BRDA:138,2,0,0
BRDA:138,2,1,9
BRDA:141,3,0,0
BRDA:141,3,1,9
BRDA:147,4,0,0
BRDA:147,4,1,0
BRDA:148,5,0,9
BRDA:148,5,1,0
BRDA:152,6,0,9
BRDA:152,6,1,0
BRDA:162,7,0,9
BRDA:162,7,1,1
BRDA:167,8,0,0
BRDA:167,8,1,1
BRDA:175,9,0,9
BRDA:175,9,1,0
BRDA:179,10,0,9
BRDA:179,10,1,1
BRDA:184,11,0,0
BRDA:184,11,1,1
BRDA:192,12,0,9
BRDA:192,12,1,1
BRDA:223,13,0,1
BRDA:223,13,1,8
BRDA:227,14,0,1
BRDA:227,14,1,8
BRDA:238,15,0,9
BRDA:238,15,1,1
BRDA:249,16,0,1
BRDA:249,16,1,8
BRDA:286,17,0,9
BRDA:286,17,1,27
BRDA:306,18,0,0
BRDA:306,18,1,9
BRDA:307,19,0,0
BRDA:307,19,1,9
BRDA:314,20,0,0
BRDA:314,20,1,0
BRDA:320,21,0,9
BRDA:320,21,1,0
BRDA:324,22,0,9
BRDA:324,22,1,1
BRF:46
BRH:30
end_of_record
TN:
SF:src/pages/Error.tsx
FN:135,ErrorPage
FN:176,(anonymous_1)
FN:177,(anonymous_2)
FN:178,(anonymous_3)
FN:183,(anonymous_4)
FN:234,(anonymous_5)
FN:244,(anonymous_6)
FN:260,(anonymous_7)
FNF:8
FNH:3
FNDA:7,ErrorPage
FNDA:7,(anonymous_1)
FNDA:0,(anonymous_2)
FNDA:7,(anonymous_3)
FNDA:0,(anonymous_4)
FNDA:0,(anonymous_5)
FNDA:0,(anonymous_6)
FNDA:0,(anonymous_7)
DA:57,1
DA:77,1
DA:136,7
DA:137,7
DA:138,7
DA:139,7
DA:140,7
DA:145,7
DA:148,7
DA:149,7
DA:152,7
DA:155,7
DA:159,7
DA:160,7
DA:161,7
DA:162,7
DA:163,7
DA:166,7
DA:171,7
DA:176,7
DA:177,7
DA:178,7
DA:183,7
DA:184,0
DA:185,0
DA:186,0
DA:187,0
DA:190,0
DA:191,0
DA:193,0
DA:200,7
DA:234,0
DA:244,0
DA:260,0
LF:34
LH:24
BRDA:145,0,0,1
BRDA:145,0,1,6
BRDA:149,1,0,2
BRDA:149,1,1,5
BRDA:149,2,0,7
BRDA:149,2,1,2
BRDA:155,3,0,7
BRDA:155,3,1,6
BRDA:159,4,0,7
BRDA:159,4,1,7
BRDA:159,4,2,0
BRDA:160,5,0,7
BRDA:160,5,1,7
BRDA:161,6,0,7
BRDA:161,6,1,7
BRDA:162,7,0,7
BRDA:162,7,1,6
BRDA:163,8,0,7
BRDA:163,8,1,6
BRDA:166,9,0,7
BRDA:166,9,1,6
BRDA:166,10,0,3
BRDA:166,10,1,3
BRDA:171,11,0,7
BRDA:171,11,1,7
BRDA:171,12,0,3
BRDA:171,12,1,4
BRDA:184,13,0,0
BRDA:184,13,1,0
BRDA:186,14,0,0
BRDA:186,14,1,0
BRDA:190,15,0,0
BRDA:190,15,1,0
BRDA:190,16,0,0
BRDA:190,16,1,0
BRDA:230,17,0,7
BRDA:230,17,1,4
BRDA:241,18,0,7
BRDA:241,18,1,3
BRDA:247,19,0,3
BRDA:247,19,1,0
BRDA:255,20,0,7
BRDA:255,20,1,3
BRDA:255,20,2,3
BRDA:271,21,0,7
BRDA:271,21,1,6
BRF:46
BRH:36
end_of_record
TN:
SF:src/pages/Login.tsx
FN:33,resolveRedirectTarget
FN:65,Login
FN:93,(anonymous_2)
FNF:3
FNH:1
FNDA:0,resolveRedirectTarget
FNDA:10,Login
FNDA:0,(anonymous_2)
DA:38,0
DA:39,0
DA:40,0
DA:41,0
DA:46,0
DA:54,0
DA:55,0
DA:58,0
DA:66,10
DA:67,10
DA:68,10
DA:69,10
DA:70,10
DA:71,10
DA:72,10
DA:73,10
DA:75,10
DA:80,10
DA:93,10
DA:94,0
DA:95,0
DA:96,0
DA:97,0
DA:98,0
DA:99,0
DA:101,0
DA:102,0
DA:104,0
DA:105,0
DA:111,0
DA:112,0
DA:115,0
DA:117,0
DA:118,0
DA:119,0
DA:120,0
DA:122,0
DA:125,0
DA:136,10
LF:39
LH:12
BRDA:38,0,0,0
BRDA:38,0,1,0
BRDA:41,1,0,0
BRDA:41,1,1,0
BRDA:42,2,0,0
BRDA:42,2,1,0
BRDA:42,2,2,0
BRDA:54,3,0,0
BRDA:54,3,1,0
BRDA:54,4,0,0
BRDA:54,4,1,0
BRDA:54,4,2,0
BRDA:104,5,0,0
BRDA:104,5,1,0
BRDA:104,6,0,0
BRDA:104,6,1,0
BRDA:117,7,0,0
BRDA:117,7,1,0
BRDA:119,8,0,0
BRDA:119,8,1,0
BRDA:119,9,0,0
BRDA:119,9,1,0
BRDA:126,10,0,0
BRDA:126,10,1,0
BRDA:126,10,2,0
BRDA:126,10,3,0
BRDA:126,10,4,0
BRDA:166,11,0,1
BRDA:166,11,1,9
BRDA:167,12,0,1
BRDA:167,12,1,9
BRDA:174,13,0,10
BRDA:174,13,1,1
BRDA:195,14,0,1
BRDA:195,14,1,9
BRDA:196,15,0,1
BRDA:196,15,1,9
BRDA:203,16,0,10
BRDA:203,16,1,1
BRDA:227,17,0,10
BRDA:227,17,1,1
BRDA:230,18,0,1
BRDA:230,18,1,9
BRF:43
BRH:16
end_of_record
TN:
SF:src/pages/NotFound.tsx
FN:20,NotFound
FN:44,(anonymous_1)
FN:53,(anonymous_2)
FNF:3
FNH:1
FNDA:3,NotFound
FNDA:0,(anonymous_1)
FNDA:0,(anonymous_2)
DA:21,3
DA:22,3
DA:24,3
DA:44,0
DA:53,0
LF:5
LH:3
BRF:0
BRH:0
end_of_record
TN:
SF:src/pages/Register.tsx
FN:70,Register
FN:102,(anonymous_1)
FNF:2
FNH:1
FNDA:4,Register
FNDA:0,(anonymous_1)
DA:55,1
DA:71,4
DA:72,4
DA:73,4
DA:74,4
DA:75,4
DA:80,4
DA:102,4
DA:103,0
DA:104,0
DA:106,0
DA:107,0
DA:109,0
DA:111,0
DA:112,0
DA:117,0
DA:118,0
DA:121,0
DA:122,0
DA:133,4
DA:140,4
DA:146,4
LF:22
LH:11
BRDA:109,0,0,0
BRDA:109,0,1,0
BRDA:123,1,0,0
BRDA:123,1,1,0
BRDA:123,1,2,0
BRDA:123,1,3,0
BRDA:123,1,4,0
BRDA:140,2,0,0
BRDA:140,2,1,4
BRDA:142,3,0,0
BRDA:142,3,1,4
BRDA:230,4,0,4
BRDA:230,4,1,0
BRF:13
BRH:3
end_of_record
TN:
SF:src/pages/Unauthorized.tsx
FN:26,Unauthorized
FN:63,(anonymous_1)
FN:72,(anonymous_2)
FNF:3
FNH:1
FNDA:3,Unauthorized
FNDA:0,(anonymous_1)
FNDA:0,(anonymous_2)
DA:27,3
DA:28,3
DA:29,3
DA:33,3
DA:37,3
DA:63,0
DA:72,0
LF:7
LH:5
BRDA:33,0,0,0
BRDA:33,0,1,3
BRDA:33,1,0,3
BRDA:33,1,1,3
BRDA:51,2,0,1
BRDA:51,2,1,2
BRF:6
BRH:5
end_of_record
TN:
SF:src/pages/admin/AdminOrdersPage.tsx
FN:100,StatusBadge
FN:121,OrderDetailModal
FN:129,(anonymous_2)
FN:131,(anonymous_3)
FN:140,(anonymous_4)
FN:150,(anonymous_5)
FN:182,(anonymous_6)
FN:249,AdminOrdersPage
FN:272,(anonymous_8)
FN:299,(anonymous_9)
FN:303,(anonymous_10)
FN:311,(anonymous_11)
FN:317,(anonymous_12)
FN:318,(anonymous_13)
FN:352,(anonymous_14)
FN:358,(anonymous_15)
FN:373,(anonymous_16)
FN:414,(anonymous_17)
FN:443,(anonymous_18)
FN:502,(anonymous_19)
FN:512,(anonymous_20)
FN:522,(anonymous_21)
FN:559,(anonymous_22)
FN:559,(anonymous_23)
FN:567,(anonymous_24)
FN:576,(anonymous_25)
FN:592,(anonymous_26)
FN:592,(anonymous_27)
FN:606,(anonymous_28)
FNF:29
FNH:6
FNDA:0,StatusBadge
FNDA:0,OrderDetailModal
FNDA:0,(anonymous_2)
FNDA:0,(anonymous_3)
FNDA:0,(anonymous_4)
FNDA:0,(anonymous_5)
FNDA:0,(anonymous_6)
FNDA:2,AdminOrdersPage
FNDA:1,(anonymous_8)
FNDA:1,(anonymous_9)
FNDA:1,(anonymous_10)
FNDA:0,(anonymous_11)
FNDA:0,(anonymous_12)
FNDA:0,(anonymous_13)
FNDA:0,(anonymous_14)
FNDA:6,(anonymous_15)
FNDA:0,(anonymous_16)
FNDA:10,(anonymous_17)
FNDA:0,(anonymous_18)
FNDA:0,(anonymous_19)
FNDA:0,(anonymous_20)
FNDA:0,(anonymous_21)
FNDA:0,(anonymous_22)
FNDA:0,(anonymous_23)
FNDA:0,(anonymous_24)
FNDA:0,(anonymous_25)
FNDA:0,(anonymous_26)
FNDA:0,(anonymous_27)
FNDA:0,(anonymous_28)
DA:70,1
DA:82,1
DA:101,0
DA:102,0
DA:103,0
DA:128,0
DA:129,0
DA:130,0
DA:131,0
DA:132,0
DA:136,0
DA:141,0
DA:150,0
DA:183,0
DA:250,2
DA:251,2
DA:252,2
DA:253,2
DA:257,2
DA:258,2
DA:259,2
DA:260,2
DA:263,2
DA:266,2
DA:272,2
DA:273,1
DA:274,1
DA:275,1
DA:276,1
DA:281,1
DA:282,1
DA:283,1
DA:286,0
DA:292,0
DA:294,1
DA:299,2
DA:300,1
DA:303,2
DA:304,1
DA:311,2
DA:312,0
DA:313,0
DA:314,0
DA:315,0
DA:317,0
DA:318,0
DA:321,0
DA:329,2
DA:330,2
DA:331,2
DA:332,2
DA:334,2
DA:353,0
DA:359,6
DA:373,0
DA:415,10
DA:444,0
DA:503,0
DA:513,0
DA:522,0
DA:559,0
DA:569,0
DA:572,0
DA:576,0
DA:592,0
DA:606,0
LF:66
LH:33
BRDA:102,0,0,0
BRDA:102,0,1,0
BRDA:141,1,0,0
BRDA:141,1,1,0
BRDA:162,2,0,0
BRDA:162,2,1,0
BRDA:162,3,0,0
BRDA:162,3,1,0
BRDA:184,4,0,0
BRDA:184,4,1,0
BRDA:201,5,0,0
BRDA:201,5,1,0
BRDA:205,6,0,0
BRDA:205,6,1,0
BRDA:213,7,0,0
BRDA:213,7,1,0
BRDA:213,8,0,0
BRDA:213,8,1,0
BRDA:213,9,0,0
BRDA:213,9,1,0
BRDA:216,10,0,0
BRDA:216,10,1,0
BRDA:219,11,0,0
BRDA:219,11,1,0
BRDA:222,12,0,0
BRDA:222,12,1,0
BRDA:222,13,0,0
BRDA:222,13,1,0
BRDA:227,14,0,0
BRDA:227,14,1,0
BRDA:227,14,2,0
BRDA:231,15,0,0
BRDA:231,15,1,0
BRDA:279,16,0,1
BRDA:279,16,1,1
BRDA:281,17,0,1
BRDA:281,17,1,0
BRDA:286,18,0,0
BRDA:286,18,1,0
BRDA:286,19,0,0
BRDA:286,19,1,0
BRDA:286,19,2,0
BRDA:292,20,0,0
BRDA:292,20,1,0
BRDA:312,21,0,0
BRDA:312,21,1,0
BRDA:318,22,0,0
BRDA:318,22,1,0
BRDA:329,23,0,2
BRDA:329,23,1,1
BRDA:330,24,0,2
BRDA:330,24,1,2
BRDA:340,25,0,2
BRDA:340,25,1,1
BRDA:367,26,0,2
BRDA:367,26,1,0
BRDA:413,27,0,1
BRDA:413,27,1,1
BRDA:458,28,0,0
BRDA:458,28,1,0
BRDA:461,29,0,0
BRDA:461,29,1,0
BRDA:474,30,0,0
BRDA:474,30,1,0
BRDA:474,30,2,0
BRDA:481,31,0,0
BRDA:481,31,1,0
BRDA:534,32,0,2
BRDA:534,32,1,1
BRDA:534,32,2,1
BRDA:534,32,3,1
BRDA:547,33,0,2
BRDA:547,33,1,1
BRDA:547,33,2,0
BRDA:569,34,0,0
BRDA:569,34,1,0
BRDA:578,35,0,0
BRDA:578,35,1,0
BRDA:580,36,0,0
BRDA:580,36,1,0
BRDA:605,37,0,2
BRDA:605,37,1,0
BRF:82
BRH:19
end_of_record
TN:
SF:src/pages/admin/CategoriesPage.tsx
FN:73,ConfirmDeleteModal
FN:83,(anonymous_1)
FN:86,(anonymous_2)
FN:87,(anonymous_3)
FN:94,(anonymous_4)
FN:105,(anonymous_5)
FN:115,(anonymous_6)
FN:177,CategoriesPage
FN:203,(anonymous_8)
FN:216,(anonymous_9)
FN:224,(anonymous_10)
FN:251,(anonymous_11)
FN:256,(anonymous_12)
FN:261,(anonymous_13)
FN:282,(anonymous_14)
FN:312,(anonymous_15)
FN:313,(anonymous_16)
FN:335,(anonymous_17)
FN:336,(anonymous_18)
FN:345,(anonymous_19)
FN:358,(anonymous_20)
FN:381,(anonymous_21)
FN:412,(anonymous_22)
FN:432,(anonymous_23)
FN:444,(anonymous_24)
FN:447,(anonymous_25)
FN:456,(anonymous_26)
FN:509,(anonymous_27)
FN:517,(anonymous_28)
FN:536,(anonymous_29)
FN:553,(anonymous_30)
FN:554,(anonymous_31)
FNF:32
FNH:8
FNDA:4,ConfirmDeleteModal
FNDA:2,(anonymous_1)
FNDA:0,(anonymous_2)
FNDA:0,(anonymous_3)
FNDA:2,(anonymous_4)
FNDA:0,(anonymous_5)
FNDA:0,(anonymous_6)
FNDA:4,CategoriesPage
FNDA:2,(anonymous_8)
FNDA:2,(anonymous_9)
FNDA:0,(anonymous_10)
FNDA:0,(anonymous_11)
FNDA:0,(anonymous_12)
FNDA:0,(anonymous_13)
FNDA:0,(anonymous_14)
FNDA:0,(anonymous_15)
FNDA:0,(anonymous_16)
FNDA:0,(anonymous_17)
FNDA:0,(anonymous_18)
FNDA:0,(anonymous_19)
FNDA:0,(anonymous_20)
FNDA:0,(anonymous_21)
FNDA:12,(anonymous_22)
FNDA:1,(anonymous_23)
FNDA:0,(anonymous_24)
FNDA:0,(anonymous_25)
FNDA:0,(anonymous_26)
FNDA:0,(anonymous_27)
FNDA:0,(anonymous_28)
FNDA:0,(anonymous_29)
FNDA:0,(anonymous_30)
FNDA:0,(anonymous_31)
DA:80,4
DA:81,4
DA:83,4
DA:84,2
DA:85,0
DA:86,0
DA:87,0
DA:88,0
DA:89,0
DA:92,2
DA:94,2
DA:95,2
DA:99,4
DA:101,0
DA:106,0
DA:115,0
DA:178,4
DA:179,4
DA:180,4
DA:181,4
DA:182,4
DA:185,4
DA:186,4
DA:187,4
DA:188,4
DA:191,4
DA:192,4
DA:193,4
DA:196,4
DA:197,4
DA:203,4
DA:204,2
DA:205,2
DA:206,2
DA:207,2
DA:208,2
DA:210,0
DA:212,2
DA:216,4
DA:217,2
DA:224,4
DA:225,0
DA:226,0
DA:227,0
DA:228,0
DA:229,0
DA:230,0
DA:231,0
DA:232,0
DA:233,0
DA:236,0
DA:241,0
DA:243,0
DA:251,4
DA:252,0
DA:253,0
DA:256,4
DA:257,0
DA:258,0
DA:261,4
DA:262,0
DA:263,0
DA:264,0
DA:265,0
DA:266,0
DA:268,0
DA:269,0
DA:270,0
DA:271,0
DA:272,0
DA:274,0
DA:282,4
DA:283,0
DA:284,0
DA:285,0
DA:286,0
DA:287,0
DA:288,0
DA:290,0
DA:298,4
DA:313,0
DA:314,0
DA:315,0
DA:335,0
DA:337,0
DA:338,0
DA:345,0
DA:359,0
DA:360,0
DA:381,0
DA:413,12
DA:433,1
DA:445,0
DA:448,0
DA:449,0
DA:456,0
DA:509,0
DA:517,0
DA:536,0
DA:553,0
DA:554,0
LF:101
LH:39
BRDA:84,0,0,0
BRDA:84,0,1,2
BRDA:99,1,0,4
BRDA:99,1,1,0
BRDA:106,2,0,0
BRDA:106,2,1,0
BRDA:158,3,0,0
BRDA:158,3,1,0
BRDA:161,4,0,0
BRDA:161,4,1,0
BRDA:208,5,0,2
BRDA:208,5,1,0
BRDA:226,6,0,0
BRDA:226,6,1,0
BRDA:236,7,0,0
BRDA:236,7,1,0
BRDA:236,8,0,0
BRDA:236,8,1,0
BRDA:236,8,2,0
BRDA:241,9,0,0
BRDA:241,9,1,0
BRDA:262,10,0,0
BRDA:262,10,1,0
BRDA:264,11,0,0
BRDA:264,11,1,0
BRDA:264,12,0,0
BRDA:264,12,1,0
BRDA:283,13,0,0
BRDA:283,13,1,0
BRDA:304,14,0,4
BRDA:304,14,1,2
BRDA:325,15,0,4
BRDA:325,15,1,0
BRDA:337,16,0,0
BRDA:337,16,1,0
BRDA:338,17,0,0
BRDA:338,17,1,0
BRDA:346,18,0,0
BRDA:346,18,1,0
BRDA:349,19,0,0
BRDA:349,19,1,0
BRDA:368,20,0,0
BRDA:368,20,1,0
BRDA:375,21,0,4
BRDA:375,21,1,0
BRDA:411,22,0,2
BRDA:411,22,1,2
BRDA:439,23,0,0
BRDA:439,23,1,1
BRDA:448,24,0,0
BRDA:448,24,1,0
BRDA:449,25,0,0
BRDA:449,25,1,0
BRDA:461,26,0,0
BRDA:461,26,1,0
BRDA:529,27,0,4
BRDA:529,27,1,2
BRDA:529,27,2,1
BRDA:529,27,3,1
BRDA:551,28,0,4
BRDA:551,28,1,4
BRF:61
BRH:16
end_of_record
TN:
SF:src/pages/admin/CreateProductPage.tsx
FN:49,CreateProductPage
FN:69,(anonymous_1)
FN:71,(anonymous_2)
FN:72,(anonymous_3)
FN:78,(anonymous_4)
FN:79,(anonymous_5)
FN:84,(anonymous_6)
FN:92,(anonymous_7)
FN:123,(anonymous_8)
FN:153,(anonymous_9)
FN:183,(anonymous_10)
FN:283,(anonymous_11)
FN:298,(anonymous_12)
FNF:13
FNH:5
FNDA:3,CreateProductPage
FNDA:1,(anonymous_1)
FNDA:1,(anonymous_2)
FNDA:0,(anonymous_3)
FNDA:1,(anonymous_4)
FNDA:1,(anonymous_5)
FNDA:0,(anonymous_6)
FNDA:0,(anonymous_7)
FNDA:0,(anonymous_8)
FNDA:0,(anonymous_9)
FNDA:0,(anonymous_10)
FNDA:0,(anonymous_11)
FNDA:0,(anonymous_12)
DA:50,3
DA:51,3
DA:52,3
DA:53,3
DA:54,3
DA:55,3
DA:56,3
DA:61,3
DA:69,3
DA:70,1
DA:71,1
DA:78,3
DA:79,1
DA:80,1
DA:84,3
DA:85,0
DA:86,0
DA:87,0
DA:88,0
DA:89,0
DA:92,3
DA:93,0
DA:94,0
DA:95,0
DA:96,0
DA:97,0
DA:98,0
DA:99,0
DA:100,0
DA:101,0
DA:104,0
DA:105,0
DA:106,0
DA:109,0
DA:113,0
DA:117,3
DA:123,0
DA:153,0
DA:183,0
DA:284,0
DA:298,0
LF:41
LH:17
BRDA:71,0,0,1
BRDA:71,0,1,0
BRDA:80,1,0,0
BRDA:80,1,1,1
BRDA:86,2,0,0
BRDA:86,2,1,0
BRDA:87,3,0,0
BRDA:87,3,1,0
BRDA:100,4,0,0
BRDA:100,4,1,0
BRDA:109,5,0,0
BRDA:109,5,1,0
BRDA:109,5,2,0
BRDA:109,5,3,0
BRDA:113,6,0,0
BRDA:113,6,1,0
BRDA:136,7,0,3
BRDA:136,7,1,0
BRDA:156,8,0,0
BRDA:156,8,1,3
BRDA:180,9,0,3
BRDA:180,9,1,0
BRDA:200,10,0,0
BRDA:200,10,1,3
BRDA:201,11,0,0
BRDA:201,11,1,3
BRDA:204,12,0,3
BRDA:204,12,1,0
BRDA:219,13,0,0
BRDA:219,13,1,3
BRDA:220,14,0,0
BRDA:220,14,1,3
BRDA:223,15,0,3
BRDA:223,15,1,0
BRDA:241,16,0,0
BRDA:241,16,1,3
BRDA:242,17,0,0
BRDA:242,17,1,3
BRDA:245,18,0,3
BRDA:245,18,1,0
BRDA:260,19,0,0
BRDA:260,19,1,3
BRDA:261,20,0,0
BRDA:261,20,1,3
BRDA:264,21,0,3
BRDA:264,21,1,0
BRDA:278,22,0,0
BRDA:278,22,1,3
BRDA:279,23,0,0
BRDA:279,23,1,3
BRDA:289,24,0,3
BRDA:289,24,1,0
BRDA:308,25,0,3
BRDA:308,25,1,0
BRDA:311,26,0,0
BRDA:311,26,1,3
BRF:56
BRH:22
end_of_record
TN:
SF:src/pages/admin/DashboardPage.tsx
FN:76,StatCard
FN:82,(anonymous_1)
FN:117,CodeBlock
FN:125,GuideStep
FN:139,ErrorIntegrationGuide
FN:146,(anonymous_5)
FN:146,(anonymous_6)
FN:316,(anonymous_7)
FN:327,(anonymous_8)
FN:353,ErrorSimulatorPanel
FN:358,(anonymous_10)
FN:359,(anonymous_11)
FN:368,(anonymous_12)
FN:391,(anonymous_13)
FN:426,(anonymous_14)
FN:455,(anonymous_15)
FN:455,(anonymous_16)
FN:495,(anonymous_17)
FN:503,(anonymous_18)
FN:511,(anonymous_19)
FN:533,(anonymous_20)
FN:546,(anonymous_21)
FN:559,(anonymous_22)
FN:594,(anonymous_23)
FN:602,(anonymous_24)
FN:611,(anonymous_25)
FN:619,(anonymous_26)
FN:628,(anonymous_27)
FN:655,(anonymous_28)
FN:674,(anonymous_29)
FN:711,DashboardPage
FN:719,(anonymous_31)
FN:720,(anonymous_32)
FN:785,(anonymous_33)
FN:800,(anonymous_34)
FN:804,(anonymous_35)
FNF:36
FNH:10
FNDA:8,StatCard
FNDA:0,(anonymous_1)
FNDA:0,CodeBlock
FNDA:0,GuideStep
FNDA:2,ErrorIntegrationGuide
FNDA:0,(anonymous_5)
FNDA:0,(anonymous_6)
FNDA:0,(anonymous_7)
FNDA:0,(anonymous_8)
FNDA:2,ErrorSimulatorPanel
FNDA:6,(anonymous_10)
FNDA:6,(anonymous_11)
FNDA:0,(anonymous_12)
FNDA:0,(anonymous_13)
FNDA:0,(anonymous_14)
FNDA:0,(anonymous_15)
FNDA:0,(anonymous_16)
FNDA:0,(anonymous_17)
FNDA:0,(anonymous_18)
FNDA:0,(anonymous_19)
FNDA:0,(anonymous_20)
FNDA:0,(anonymous_21)
FNDA:0,(anonymous_22)
FNDA:0,(anonymous_23)
FNDA:0,(anonymous_24)
FNDA:0,(anonymous_25)
FNDA:0,(anonymous_26)
FNDA:0,(anonymous_27)
FNDA:0,(anonymous_28)
FNDA:0,(anonymous_29)
FNDA:2,DashboardPage
FNDA:1,(anonymous_31)
FNDA:1,(anonymous_32)
FNDA:8,(anonymous_33)
FNDA:6,(anonymous_34)
FNDA:0,(anonymous_35)
DA:77,8
DA:78,8
DA:79,8
DA:82,0
DA:118,0
DA:126,0
DA:140,2
DA:142,2
DA:146,0
DA:317,0
DA:328,0
DA:354,2
DA:355,2
DA:356,2
DA:357,2
DA:358,6
DA:359,6
DA:368,2
DA:369,0
DA:370,0
DA:371,0
DA:374,0
DA:379,0
DA:380,0
DA:391,2
DA:392,0
DA:393,0
DA:394,0
DA:395,0
DA:400,0
DA:402,0
DA:408,0
DA:409,0
DA:413,0
DA:426,2
DA:427,0
DA:428,0
DA:429,0
DA:430,0
DA:434,0
DA:436,0
DA:442,0
DA:450,2
DA:455,0
DA:495,0
DA:503,0
DA:511,0
DA:533,0
DA:546,0
DA:559,0
DA:594,0
DA:602,0
DA:611,0
DA:619,0
DA:628,0
DA:656,0
DA:675,0
DA:712,2
DA:713,2
DA:714,2
DA:715,2
DA:716,2
DA:717,2
DA:719,2
DA:720,1
DA:721,1
DA:726,1
DA:727,1
DA:729,1
DA:730,1
DA:732,1
DA:735,1
DA:738,2
DA:773,2
DA:786,8
DA:801,6
DA:804,0
LF:77
LH:34
BRDA:88,0,0,4
BRDA:88,0,1,4
BRDA:155,1,0,0
BRDA:155,1,1,2
BRDA:160,2,0,2
BRDA:160,2,1,0
BRDA:331,3,0,0
BRDA:331,3,1,0
BRDA:332,4,0,0
BRDA:332,4,1,0
BRDA:333,5,0,0
BRDA:333,5,1,0
BRDA:402,6,0,0
BRDA:402,6,1,0
BRDA:402,7,0,0
BRDA:402,7,1,0
BRDA:402,7,2,0
BRDA:408,8,0,0
BRDA:408,8,1,0
BRDA:408,9,0,0
BRDA:408,9,1,0
BRDA:430,10,0,0
BRDA:430,10,1,0
BRDA:436,11,0,0
BRDA:436,11,1,0
BRDA:436,12,0,0
BRDA:436,12,1,0
BRDA:436,12,2,0
BRDA:443,13,0,0
BRDA:443,13,1,0
BRDA:467,14,0,0
BRDA:467,14,1,2
BRDA:474,15,0,2
BRDA:474,15,1,0
BRDA:536,16,0,0
BRDA:536,16,1,0
BRDA:549,17,0,0
BRDA:549,17,1,0
BRDA:562,18,0,0
BRDA:562,18,1,0
BRDA:572,19,0,0
BRDA:572,19,1,0
BRDA:680,20,0,0
BRDA:680,20,1,0
BRDA:682,21,0,0
BRDA:682,21,1,0
BRDA:684,22,0,0
BRDA:684,22,1,0
BRDA:686,23,0,0
BRDA:686,23,1,0
BRDA:726,24,0,1
BRDA:726,24,1,0
BRDA:727,25,0,1
BRDA:727,25,1,1
BRDA:729,26,0,1
BRDA:729,26,1,0
BRDA:730,27,0,1
BRDA:730,27,1,1
BRDA:741,28,0,2
BRDA:741,28,1,1
BRDA:749,29,0,2
BRDA:749,29,1,1
BRDA:816,30,0,2
BRDA:816,30,1,2
BRDA:819,31,0,2
BRDA:819,31,1,2
BRF:66
BRH:20
end_of_record
TN:
SF:src/pages/admin/EditProductPage.tsx
FN:36,EditProductPage
FN:64,(anonymous_1)
FN:86,(anonymous_2)
FN:93,(anonymous_3)
FN:95,(anonymous_4)
FN:96,(anonymous_5)
FN:100,(anonymous_6)
FN:101,(anonymous_7)
FN:109,(anonymous_8)
FN:117,(anonymous_9)
FN:151,(anonymous_10)
FN:169,(anonymous_11)
FN:186,(anonymous_12)
FN:215,(anonymous_13)
FN:318,(anonymous_14)
FN:331,(anonymous_15)
FNF:16
FNH:8
FNDA:3,EditProductPage
FNDA:1,(anonymous_1)
FNDA:1,(anonymous_2)
FNDA:1,(anonymous_3)
FNDA:1,(anonymous_4)
FNDA:0,(anonymous_5)
FNDA:1,(anonymous_6)
FNDA:1,(anonymous_7)
FNDA:0,(anonymous_8)
FNDA:0,(anonymous_9)
FNDA:10,(anonymous_10)
FNDA:0,(anonymous_11)
FNDA:0,(anonymous_12)
FNDA:0,(anonymous_13)
FNDA:0,(anonymous_14)
FNDA:0,(anonymous_15)
DA:37,3
DA:38,3
DA:39,3
DA:41,3
DA:42,3
DA:43,3
DA:44,3
DA:45,3
DA:46,3
DA:47,3
DA:48,3
DA:54,3
DA:64,3
DA:65,1
DA:66,1
DA:67,1
DA:68,1
DA:69,1
DA:70,1
DA:71,1
DA:78,1
DA:80,0
DA:82,1
DA:86,3
DA:87,1
DA:93,3
DA:94,1
DA:95,1
DA:100,3
DA:101,1
DA:102,1
DA:109,3
DA:110,0
DA:111,0
DA:112,0
DA:113,0
DA:114,0
DA:117,3
DA:118,0
DA:119,0
DA:120,0
DA:121,0
DA:122,0
DA:123,0
DA:124,0
DA:125,0
DA:126,0
DA:127,0
DA:130,0
DA:131,0
DA:132,0
DA:135,0
DA:139,0
DA:146,3
DA:147,2
DA:152,10
DA:160,1
DA:161,0
DA:169,0
DA:180,1
DA:186,0
DA:215,0
DA:319,0
DA:331,0
LF:64
LH:37
BRDA:65,0,0,0
BRDA:65,0,1,1
BRDA:76,1,0,1
BRDA:76,1,1,1
BRDA:78,2,0,1
BRDA:78,2,1,1
BRDA:102,3,0,0
BRDA:102,3,1,1
BRDA:111,4,0,0
BRDA:111,4,1,0
BRDA:112,5,0,0
BRDA:112,5,1,0
BRDA:118,6,0,0
BRDA:118,6,1,0
BRDA:126,7,0,0
BRDA:126,7,1,0
BRDA:135,8,0,0
BRDA:135,8,1,0
BRDA:135,8,2,0
BRDA:135,8,3,0
BRDA:139,9,0,0
BRDA:139,9,1,0
BRDA:146,10,0,2
BRDA:146,10,1,1
BRDA:160,11,0,0
BRDA:160,11,1,1
BRDA:198,12,0,1
BRDA:198,12,1,0
BRDA:218,13,0,0
BRDA:218,13,1,1
BRDA:218,14,0,3
BRDA:218,14,1,1
BRDA:220,15,0,0
BRDA:220,15,1,0
BRDA:251,16,0,0
BRDA:251,16,1,1
BRDA:254,17,0,3
BRDA:254,17,1,0
BRDA:266,18,0,0
BRDA:266,18,1,1
BRDA:269,19,0,3
BRDA:269,19,1,0
BRDA:284,20,0,0
BRDA:284,20,1,1
BRDA:287,21,0,3
BRDA:287,21,1,0
BRDA:299,22,0,0
BRDA:299,22,1,1
BRDA:302,23,0,3
BRDA:302,23,1,0
BRDA:314,24,0,0
BRDA:314,24,1,1
BRDA:324,25,0,3
BRDA:324,25,1,0
BRDA:341,26,0,3
BRDA:341,26,1,0
BRDA:344,27,0,0
BRDA:344,27,1,1
BRF:58
BRH:25
end_of_record
TN:
SF:src/pages/admin/ErrorPlaygroundPage.tsx
FN:52,SectionHeader
FN:70,Badge
FN:89,InlineErrorPreview
FN:110,CrashableWidget
FN:122,(anonymous_4)
FN:141,ErrorPlaygroundPage
FN:157,(anonymous_6)
FN:158,(anonymous_7)
FN:159,(anonymous_8)
FN:167,(anonymous_9)
FN:170,(anonymous_10)
FN:173,(anonymous_11)
FN:184,(anonymous_12)
FN:187,(anonymous_13)
FN:191,(anonymous_14)
FN:195,(anonymous_15)
FN:199,(anonymous_16)
FN:235,(anonymous_17)
FN:238,(anonymous_18)
FN:254,(anonymous_19)
FN:258,(anonymous_20)
FN:266,(anonymous_21)
FN:302,(anonymous_22)
FN:367,(anonymous_23)
FN:368,(anonymous_24)
FN:376,(anonymous_25)
FN:391,(anonymous_26)
FN:398,(anonymous_27)
FN:406,(anonymous_28)
FN:413,(anonymous_29)
FN:420,(anonymous_30)
FN:422,(anonymous_31)
FN:423,(anonymous_32)
FN:466,(anonymous_33)
FN:469,(anonymous_34)
FN:472,(anonymous_35)
FN:490,(anonymous_36)
FN:493,(anonymous_37)
FN:494,(anonymous_38)
FN:495,(anonymous_39)
FN:498,(anonymous_40)
FN:516,(anonymous_41)
FN:519,(anonymous_42)
FN:521,(anonymous_43)
FN:562,(anonymous_44)
FN:580,(anonymous_45)
FN:580,(anonymous_46)
FN:603,(anonymous_47)
FN:619,(anonymous_48)
FN:668,(anonymous_49)
FN:677,(anonymous_50)
FN:709,ScenarioCard
FNF:52
FNH:12
FNDA:12,SectionHeader
FNDA:40,Badge
FNDA:0,InlineErrorPreview
FNDA:2,CrashableWidget
FNDA:0,(anonymous_4)
FNDA:2,ErrorPlaygroundPage
FNDA:6,(anonymous_6)
FNDA:6,(anonymous_7)
FNDA:6,(anonymous_8)
FNDA:0,(anonymous_9)
FNDA:0,(anonymous_10)
FNDA:0,(anonymous_11)
FNDA:0,(anonymous_12)
FNDA:0,(anonymous_13)
FNDA:0,(anonymous_14)
FNDA:0,(anonymous_15)
FNDA:0,(anonymous_16)
FNDA:0,(anonymous_17)
FNDA:22,(anonymous_18)
FNDA:0,(anonymous_19)
FNDA:8,(anonymous_20)
FNDA:0,(anonymous_21)
FNDA:0,(anonymous_22)
FNDA:0,(anonymous_23)
FNDA:0,(anonymous_24)
FNDA:0,(anonymous_25)
FNDA:0,(anonymous_26)
FNDA:0,(anonymous_27)
FNDA:0,(anonymous_28)
FNDA:0,(anonymous_29)
FNDA:0,(anonymous_30)
FNDA:0,(anonymous_31)
FNDA:0,(anonymous_32)
FNDA:0,(anonymous_33)
FNDA:0,(anonymous_34)
FNDA:0,(anonymous_35)
FNDA:0,(anonymous_36)
FNDA:0,(anonymous_37)
FNDA:0,(anonymous_38)
FNDA:0,(anonymous_39)
FNDA:0,(anonymous_40)
FNDA:0,(anonymous_41)
FNDA:0,(anonymous_42)
FNDA:0,(anonymous_43)
FNDA:0,(anonymous_44)
FNDA:0,(anonymous_45)
FNDA:0,(anonymous_46)
FNDA:8,(anonymous_47)
FNDA:0,(anonymous_48)
FNDA:22,(anonymous_49)
FNDA:0,(anonymous_50)
FNDA:20,ScenarioCard
DA:39,1
DA:41,1
DA:57,12
DA:71,40
DA:78,40
DA:90,0
DA:91,0
DA:92,0
DA:93,0
DA:111,2
DA:112,2
DA:113,2
DA:122,0
DA:142,2
DA:143,2
DA:144,2
DA:145,2
DA:146,2
DA:149,2
DA:150,2
DA:151,2
DA:152,2
DA:153,2
DA:156,2
DA:157,6
DA:158,6
DA:159,6
DA:162,2
DA:164,2
DA:165,2
DA:167,2
DA:168,0
DA:171,0
DA:172,0
DA:173,0
DA:177,0
DA:178,0
DA:180,0
DA:181,0
DA:183,0
DA:184,0
DA:187,2
DA:188,0
DA:191,2
DA:192,0
DA:195,2
DA:196,0
DA:199,2
DA:200,0
DA:203,2
DA:235,0
DA:239,22
DA:254,0
DA:259,8
DA:266,0
DA:302,0
DA:367,0
DA:368,0
DA:376,0
DA:391,0
DA:398,0
DA:406,0
DA:413,0
DA:421,0
DA:422,0
DA:423,0
DA:467,0
DA:468,0
DA:469,0
DA:470,0
DA:471,0
DA:472,0
DA:491,0
DA:492,0
DA:493,0
DA:494,0
DA:495,0
DA:496,0
DA:497,0
DA:498,0
DA:518,0
DA:519,0
DA:520,0
DA:521,0
DA:563,0
DA:580,0
DA:604,8
DA:619,0
DA:669,22
DA:670,22
DA:673,22
DA:678,0
DA:679,0
DA:680,0
DA:722,20
DA:729,20
DA:736,20
DA:743,20
LF:98
LH:41
BRDA:70,0,0,40
BRDA:92,1,0,0
BRDA:92,1,1,0
BRDA:112,2,0,0
BRDA:112,2,1,2
BRDA:165,3,0,2
BRDA:165,3,1,0
BRDA:169,4,0,0
BRDA:169,4,1,0
BRDA:170,5,0,0
BRDA:170,5,1,0
BRDA:177,6,0,0
BRDA:177,6,1,0
BRDA:264,7,0,2
BRDA:264,7,1,0
BRDA:273,8,0,2
BRDA:273,8,1,2
BRDA:282,9,0,2
BRDA:282,9,1,0
BRDA:332,10,0,2
BRDA:332,10,1,0
BRDA:340,11,0,2
BRDA:340,11,1,0
BRDA:340,11,2,0
BRDA:449,12,0,0
BRDA:449,12,1,2
BRDA:450,13,0,2
BRDA:450,13,1,0
BRDA:532,14,0,2
BRDA:532,14,1,0
BRDA:611,15,0,2
BRDA:611,15,1,6
BRDA:621,16,0,2
BRDA:621,16,1,6
BRDA:626,17,0,8
BRDA:626,17,1,0
BRDA:630,18,0,2
BRDA:630,18,1,6
BRDA:687,19,0,22
BRDA:687,19,1,0
BRF:40
BRH:20
end_of_record
TN:
SF:src/pages/admin/ProductsListPage.tsx
FN:80,StockBadge
FN:111,ProductsListPage
FN:142,(anonymous_2)
FN:149,(anonymous_3)
FN:176,(anonymous_4)
FN:183,(anonymous_5)
FN:185,(anonymous_6)
FN:186,(anonymous_7)
FN:194,(anonymous_8)
FN:202,(anonymous_9)
FN:235,(anonymous_10)
FN:255,(anonymous_11)
FN:263,(anonymous_12)
FN:267,(anonymous_13)
FN:277,(anonymous_14)
FN:288,(anonymous_15)
FN:305,(anonymous_16)
FN:344,(anonymous_17)
FN:347,(anonymous_18)
FN:409,(anonymous_19)
FN:419,(anonymous_20)
FN:438,(anonymous_21)
FN:464,(anonymous_22)
FN:464,(anonymous_23)
FN:472,(anonymous_24)
FN:481,(anonymous_25)
FN:497,(anonymous_26)
FN:497,(anonymous_27)
FN:514,(anonymous_28)
FN:515,(anonymous_29)
FNF:30
FNH:9
FNDA:1,StockBadge
FNDA:4,ProductsListPage
FNDA:2,(anonymous_2)
FNDA:2,(anonymous_3)
FNDA:2,(anonymous_4)
FNDA:2,(anonymous_5)
FNDA:2,(anonymous_6)
FNDA:0,(anonymous_7)
FNDA:0,(anonymous_8)
FNDA:0,(anonymous_9)
FNDA:0,(anonymous_10)
FNDA:0,(anonymous_11)
FNDA:0,(anonymous_12)
FNDA:0,(anonymous_13)
FNDA:0,(anonymous_14)
FNDA:0,(anonymous_15)
FNDA:0,(anonymous_16)
FNDA:20,(anonymous_17)
FNDA:1,(anonymous_18)
FNDA:0,(anonymous_19)
FNDA:0,(anonymous_20)
FNDA:0,(anonymous_21)
FNDA:0,(anonymous_22)
FNDA:0,(anonymous_23)
FNDA:0,(anonymous_24)
FNDA:0,(anonymous_25)
FNDA:0,(anonymous_26)
FNDA:0,(anonymous_27)
FNDA:0,(anonymous_28)
FNDA:0,(anonymous_29)
DA:71,1
DA:81,1
DA:82,1
DA:83,0
DA:89,1
DA:90,1
DA:96,0
DA:112,4
DA:113,4
DA:114,4
DA:117,4
DA:118,4
DA:119,4
DA:122,4
DA:123,4
DA:124,4
DA:127,4
DA:128,4
DA:129,4
DA:130,4
DA:133,4
DA:134,4
DA:137,4
DA:142,4
DA:143,2
DA:149,4
DA:150,2
DA:151,2
DA:152,2
DA:153,2
DA:161,2
DA:162,2
DA:163,2
DA:166,0
DA:170,0
DA:172,2
DA:176,4
DA:177,2
DA:183,4
DA:184,2
DA:185,2
DA:194,4
DA:195,0
DA:196,0
DA:197,0
DA:198,0
DA:199,0
DA:201,0
DA:202,0
DA:204,0
DA:207,0
DA:209,0
DA:216,4
DA:217,4
DA:218,4
DA:219,4
DA:221,4
DA:235,0
DA:255,0
DA:263,0
DA:268,0
DA:277,0
DA:288,0
DA:305,0
DA:345,20
DA:348,1
DA:410,0
DA:419,0
DA:438,0
DA:464,0
DA:474,0
DA:477,0
DA:481,0
DA:497,0
DA:514,0
DA:515,0
LF:76
LH:45
BRDA:82,0,0,0
BRDA:82,0,1,1
BRDA:89,1,0,1
BRDA:89,1,1,0
BRDA:156,2,0,2
BRDA:156,2,1,2
BRDA:159,3,0,2
BRDA:159,3,1,2
BRDA:161,4,0,2
BRDA:161,4,1,0
BRDA:166,5,0,0
BRDA:166,5,1,0
BRDA:166,5,2,0
BRDA:166,5,3,0
BRDA:170,6,0,0
BRDA:170,6,1,0
BRDA:195,7,0,0
BRDA:195,7,1,0
BRDA:201,8,0,0
BRDA:201,8,1,0
BRDA:201,9,0,0
BRDA:201,9,1,0
BRDA:216,10,0,4
BRDA:216,10,1,2
BRDA:217,11,0,4
BRDA:217,11,1,4
BRDA:227,12,0,4
BRDA:227,12,1,2
BRDA:297,13,0,4
BRDA:297,13,1,0
BRDA:343,14,0,2
BRDA:343,14,1,2
BRDA:363,15,0,0
BRDA:363,15,1,1
BRDA:390,16,0,1
BRDA:390,16,1,0
BRDA:431,17,0,4
BRDA:431,17,1,2
BRDA:431,17,2,1
BRDA:431,17,3,1
BRDA:435,18,0,1
BRDA:435,18,1,0
BRDA:452,19,0,4
BRDA:452,19,1,2
BRDA:452,19,2,0
BRDA:474,20,0,0
BRDA:474,20,1,0
BRDA:483,21,0,0
BRDA:483,21,1,0
BRDA:485,22,0,0
BRDA:485,22,1,0
BRDA:512,23,0,4
BRDA:512,23,1,4
BRF:53
BRH:27
end_of_record
TN:
SF:src/pages/admin/RealtimeChatPage.tsx
FN:44,ConnectionBanner
FN:65,ConnectionDot
FN:81,MessageSkeleton
FN:84,(anonymous_3)
FN:97,MessageBubble
FN:150,(anonymous_5)
FN:163,TypingIndicator
FN:176,(anonymous_7)
FN:192,RealtimeChatPage
FN:195,(anonymous_9)
FN:198,(anonymous_10)
FN:199,(anonymous_11)
FN:200,(anonymous_12)
FN:201,(anonymous_13)
FN:202,(anonymous_14)
FN:203,(anonymous_15)
FN:216,(anonymous_16)
FN:221,(anonymous_17)
FN:231,(anonymous_18)
FN:241,(anonymous_19)
FN:265,(anonymous_20)
FN:272,(anonymous_21)
FN:280,(anonymous_22)
FN:308,(anonymous_23)
FN:315,(anonymous_24)
FN:340,(anonymous_25)
FN:388,(anonymous_26)
FN:402,(anonymous_27)
FNF:28
FNH:12
FNDA:2,ConnectionBanner
FNDA:2,ConnectionDot
FNDA:0,MessageSkeleton
FNDA:0,(anonymous_3)
FNDA:0,MessageBubble
FNDA:0,(anonymous_5)
FNDA:2,TypingIndicator
FNDA:0,(anonymous_7)
FNDA:2,RealtimeChatPage
FNDA:2,(anonymous_9)
FNDA:2,(anonymous_10)
FNDA:2,(anonymous_11)
FNDA:2,(anonymous_12)
FNDA:2,(anonymous_13)
FNDA:2,(anonymous_14)
FNDA:2,(anonymous_15)
FNDA:2,(anonymous_16)
FNDA:0,(anonymous_17)
FNDA:0,(anonymous_18)
FNDA:0,(anonymous_19)
FNDA:0,(anonymous_20)
FNDA:0,(anonymous_21)
FNDA:0,(anonymous_22)
FNDA:0,(anonymous_23)
FNDA:0,(anonymous_24)
FNDA:0,(anonymous_25)
FNDA:0,(anonymous_26)
FNDA:0,(anonymous_27)
DA:45,2
DA:47,2
DA:54,2
DA:55,2
DA:57,2
DA:66,2
DA:74,2
DA:79,1
DA:82,0
DA:85,0
DA:106,0
DA:111,0
DA:150,0
DA:164,2
DA:167,0
DA:173,2
DA:177,0
DA:193,2
DA:194,2
DA:195,2
DA:198,2
DA:199,2
DA:200,2
DA:201,2
DA:202,2
DA:203,2
DA:205,2
DA:206,2
DA:207,2
DA:209,2
DA:210,2
DA:211,2
DA:212,2
DA:213,2
DA:216,2
DA:217,2
DA:221,2
DA:223,0
DA:225,0
DA:226,0
DA:227,0
DA:230,0
DA:231,0
DA:232,0
DA:233,0
DA:234,0
DA:241,2
DA:242,0
DA:243,0
DA:245,0
DA:246,0
DA:258,0
DA:259,0
DA:262,0
DA:265,0
DA:266,0
DA:269,0
DA:272,2
DA:274,0
DA:275,0
DA:280,2
DA:281,0
DA:282,0
DA:283,0
DA:287,2
DA:288,2
DA:290,2
DA:309,0
DA:310,0
DA:311,0
DA:315,0
DA:341,0
DA:389,0
DA:402,0
LF:74
LH:36
BRDA:45,0,0,0
BRDA:45,0,1,2
BRDA:55,1,0,0
BRDA:55,1,1,2
BRDA:75,2,0,2
BRDA:75,2,1,0
BRDA:85,3,0,0
BRDA:85,3,1,0
BRDA:112,4,0,0
BRDA:112,4,1,0
BRDA:114,5,0,0
BRDA:114,5,1,0
BRDA:120,6,0,0
BRDA:120,6,1,0
BRDA:122,7,0,0
BRDA:122,7,1,0
BRDA:131,8,0,0
BRDA:131,8,1,0
BRDA:132,9,0,0
BRDA:132,9,1,0
BRDA:142,10,0,0
BRDA:142,10,1,0
BRDA:144,11,0,0
BRDA:144,11,1,0
BRDA:144,11,2,0
BRDA:147,12,0,0
BRDA:147,12,1,0
BRDA:147,12,2,0
BRDA:164,13,0,2
BRDA:164,13,1,0
BRDA:167,14,0,0
BRDA:167,14,1,0
BRDA:169,15,0,0
BRDA:169,15,1,0
BRDA:205,16,0,0
BRDA:205,16,1,2
BRDA:206,17,0,2
BRDA:206,17,1,2
BRDA:207,18,0,2
BRDA:207,18,1,2
BRDA:225,19,0,0
BRDA:225,19,1,0
BRDA:225,20,0,0
BRDA:225,20,1,0
BRDA:230,21,0,0
BRDA:230,21,1,0
BRDA:233,22,0,0
BRDA:233,22,1,0
BRDA:243,23,0,0
BRDA:243,23,1,0
BRDA:243,24,0,0
BRDA:243,24,1,0
BRDA:243,24,2,0
BRDA:281,25,0,0
BRDA:281,25,1,0
BRDA:281,26,0,0
BRDA:281,26,1,0
BRDA:287,27,0,2
BRDA:287,27,1,2
BRDA:288,28,0,2
BRDA:288,28,1,0
BRDA:317,29,0,0
BRDA:317,29,1,0
BRDA:323,30,0,0
BRDA:323,30,1,0
BRDA:346,31,0,2
BRDA:346,31,1,0
BRDA:362,32,0,2
BRDA:362,32,1,2
BRDA:367,33,0,0
BRDA:367,33,1,2
BRDA:376,34,0,0
BRDA:376,34,1,2
BRDA:378,35,0,2
BRDA:378,35,1,0
BRDA:414,36,0,0
BRDA:414,36,1,2
BRDA:415,37,0,0
BRDA:415,37,1,0
BRF:79
BRH:19
end_of_record
TN:
SF:src/pages/user/CartPage.tsx
FN:42,CartPage
FN:51,(anonymous_1)
FN:69,(anonymous_2)
FN:98,(anonymous_3)
FN:106,(anonymous_4)
FN:126,(anonymous_5)
FN:142,(anonymous_6)
FN:153,(anonymous_7)
FN:165,(anonymous_8)
FN:207,(anonymous_9)
FN:216,(anonymous_10)
FNF:11
FNH:4
FNDA:5,CartPage
FNDA:5,(anonymous_1)
FNDA:0,(anonymous_2)
FNDA:6,(anonymous_3)
FNDA:0,(anonymous_4)
FNDA:0,(anonymous_5)
FNDA:1,(anonymous_6)
FNDA:0,(anonymous_7)
FNDA:0,(anonymous_8)
FNDA:0,(anonymous_9)
FNDA:0,(anonymous_10)
DA:43,5
DA:44,5
DA:45,5
DA:46,5
DA:51,5
DA:53,5
DA:54,5
DA:57,5
DA:58,1
DA:69,0
DA:79,4
DA:99,6
DA:106,0
DA:126,0
DA:142,1
DA:153,0
DA:165,0
DA:207,0
DA:216,0
LF:19
LH:12
BRDA:57,0,0,1
BRDA:57,0,1,4
BRDA:108,1,0,6
BRDA:108,1,1,0
BRDA:130,2,0,6
BRDA:130,2,1,0
BRDA:185,3,0,2
BRDA:185,3,1,2
BRF:8
BRH:6
end_of_record
TN:
SF:src/pages/user/CheckoutPage.tsx
FN:37,FieldError
FN:51,inputCls
FN:65,CheckoutPage
FN:70,(anonymous_3)
FN:74,(anonymous_4)
FN:97,(anonymous_5)
FN:121,(anonymous_6)
FN:128,(anonymous_7)
FN:142,(anonymous_8)
FN:146,(anonymous_9)
FN:157,(anonymous_10)
FN:370,(anonymous_11)
FNF:12
FNH:5
FNDA:16,FieldError
FNDA:16,inputCls
FNDA:4,CheckoutPage
FNDA:0,(anonymous_3)
FNDA:2,(anonymous_4)
FNDA:0,(anonymous_5)
FNDA:0,(anonymous_6)
FNDA:0,(anonymous_7)
FNDA:0,(anonymous_8)
FNDA:0,(anonymous_9)
FNDA:0,(anonymous_10)
FNDA:2,(anonymous_11)
DA:38,16
DA:39,0
DA:52,16
DA:66,4
DA:67,4
DA:68,4
DA:69,4
DA:70,4
DA:72,4
DA:73,4
DA:74,4
DA:75,2
DA:78,4
DA:79,4
DA:84,4
DA:90,4
DA:91,2
DA:97,0
DA:107,2
DA:108,0
DA:121,0
DA:128,0
DA:142,2
DA:143,0
DA:146,0
DA:149,0
DA:150,0
DA:151,0
DA:155,0
DA:156,0
DA:157,0
DA:180,0
DA:181,0
DA:188,2
DA:371,2
LF:35
LH:20
BRDA:38,0,0,16
BRDA:38,0,1,0
BRDA:53,1,0,0
BRDA:53,1,1,16
BRDA:90,2,0,2
BRDA:90,2,1,2
BRDA:90,3,0,4
BRDA:90,3,1,2
BRDA:107,4,0,0
BRDA:107,4,1,2
BRDA:149,5,0,0
BRDA:149,5,1,0
BRDA:338,6,0,4
BRDA:338,6,1,0
BRDA:350,7,0,4
BRDA:350,7,1,0
BRDA:353,8,0,0
BRDA:353,8,1,2
BRDA:356,9,0,4
BRDA:356,9,1,2
BRDA:373,10,0,2
BRDA:373,10,1,0
BRF:22
BRH:13
end_of_record
TN:
SF:src/pages/user/HomePage.tsx
FN:47,ProductCard
FN:62,(anonymous_1)
FN:91,(anonymous_2)
FN:120,(anonymous_3)
FN:138,(anonymous_4)
FN:159,HomePage
FN:163,(anonymous_6)
FN:167,(anonymous_7)
FN:169,(anonymous_8)
FN:170,(anonymous_9)
FN:171,(anonymous_10)
FN:200,(anonymous_11)
FN:208,(anonymous_12)
FN:227,(anonymous_13)
FN:237,(anonymous_14)
FN:238,(anonymous_15)
FN:243,(anonymous_16)
FN:244,(anonymous_17)
FN:265,(anonymous_18)
FNF:19
FNH:10
FNDA:8,ProductCard
FNDA:0,(anonymous_1)
FNDA:0,(anonymous_2)
FNDA:40,(anonymous_3)
FNDA:0,(anonymous_4)
FNDA:13,HomePage
FNDA:0,(anonymous_6)
FNDA:7,(anonymous_7)
FNDA:5,(anonymous_8)
FNDA:1,(anonymous_9)
FNDA:6,(anonymous_10)
FNDA:0,(anonymous_11)
FNDA:0,(anonymous_12)
FNDA:0,(anonymous_13)
FNDA:56,(anonymous_14)
FNDA:8,(anonymous_15)
FNDA:0,(anonymous_16)
FNDA:0,(anonymous_17)
FNDA:39,(anonymous_18)
DA:48,8
DA:49,8
DA:50,8
DA:51,8
DA:53,8
DA:62,0
DA:91,0
DA:121,40
DA:138,0
DA:160,13
DA:161,13
DA:162,13
DA:163,13
DA:164,13
DA:165,13
DA:167,13
DA:168,7
DA:169,5
DA:171,6
DA:174,13
DA:200,0
DA:208,0
DA:227,0
DA:237,56
DA:239,8
DA:243,0
DA:244,0
DA:266,39
LF:28
LH:20
BRDA:64,0,0,8
BRDA:64,0,1,0
BRDA:68,1,0,4
BRDA:68,1,1,4
BRDA:69,2,0,4
BRDA:69,2,1,4
BRDA:71,3,0,4
BRDA:71,3,1,4
BRDA:72,4,0,4
BRDA:72,4,1,4
BRDA:80,5,0,8
BRDA:80,5,1,0
BRDA:92,6,0,0
BRDA:92,6,1,8
BRDA:95,7,0,0
BRDA:95,7,1,8
BRDA:100,8,0,0
BRDA:100,8,1,8
BRDA:107,9,0,8
BRDA:107,9,1,8
BRDA:124,10,0,32
BRDA:124,10,1,8
BRDA:169,11,0,5
BRDA:169,11,1,0
BRDA:236,12,0,7
BRDA:236,12,1,6
BRDA:249,13,0,13
BRDA:249,13,1,6
BRDA:249,13,2,2
BRF:29
BRH:23
end_of_record
TN:
SF:src/pages/user/OrdersPage.tsx
FN:45,OrdersPage
FN:96,(anonymous_1)
FN:104,(anonymous_2)
FN:147,(anonymous_3)
FN:161,(anonymous_4)
FN:190,(anonymous_5)
FNF:6
FNH:4
FNDA:2,OrdersPage
FNDA:0,(anonymous_1)
FNDA:10,(anonymous_2)
FNDA:0,(anonymous_3)
FNDA:32,(anonymous_4)
FNDA:32,(anonymous_5)
DA:30,1
DA:46,2
DA:47,2
DA:48,2
DA:51,2
DA:79,2
DA:86,2
DA:96,0
DA:105,10
DA:106,10
DA:147,0
DA:163,32
DA:164,32
DA:165,32
DA:166,32
DA:191,32
LF:16
LH:14
BRDA:90,0,0,0
BRDA:90,0,1,2
BRDA:135,1,0,6
BRDA:135,1,1,4
BRDA:158,2,0,10
BRDA:158,2,1,8
BRDA:170,3,0,26
BRDA:170,3,1,6
BRDA:175,4,0,32
BRDA:175,4,1,24
BRDA:178,5,0,18
BRDA:178,5,1,6
BRF:12
BRH:11
end_of_record
TN:
SF:src/pages/user/ProductDetailPage.tsx
FN:61,ProductDetailPage
FN:69,(anonymous_1)
FN:87,(anonymous_2)
FN:91,(anonymous_3)
FN:95,(anonymous_4)
FN:96,(anonymous_5)
FN:99,(anonymous_6)
FN:103,(anonymous_7)
FN:135,(anonymous_8)
FN:146,(anonymous_9)
FN:159,(anonymous_10)
FN:199,(anonymous_11)
FN:203,(anonymous_12)
FN:239,(anonymous_13)
FN:259,(anonymous_14)
FN:301,(anonymous_15)
FN:301,(anonymous_16)
FN:313,(anonymous_17)
FN:313,(anonymous_18)
FN:353,(anonymous_19)
FNF:20
FNH:6
FNDA:7,ProductDetailPage
FNDA:0,(anonymous_1)
FNDA:4,(anonymous_2)
FNDA:2,(anonymous_3)
FNDA:1,(anonymous_4)
FNDA:3,(anonymous_5)
FNDA:0,(anonymous_6)
FNDA:0,(anonymous_7)
FNDA:0,(anonymous_8)
FNDA:0,(anonymous_9)
FNDA:0,(anonymous_10)
FNDA:0,(anonymous_11)
FNDA:0,(anonymous_12)
FNDA:0,(anonymous_13)
FNDA:10,(anonymous_14)
FNDA:0,(anonymous_15)
FNDA:0,(anonymous_16)
FNDA:0,(anonymous_17)
FNDA:0,(anonymous_18)
FNDA:0,(anonymous_19)
DA:64,7
DA:65,7
DA:67,7
DA:68,7
DA:69,7
DA:70,7
DA:72,7
DA:73,7
DA:74,7
DA:75,7
DA:76,7
DA:77,7
DA:82,7
DA:87,7
DA:88,4
DA:89,4
DA:90,4
DA:92,2
DA:93,2
DA:95,1
DA:96,3
DA:99,7
DA:100,0
DA:101,0
DA:102,0
DA:103,0
DA:107,7
DA:108,4
DA:126,3
DA:127,1
DA:135,0
DA:144,2
DA:146,0
DA:149,7
DA:150,7
DA:151,7
DA:153,7
DA:159,0
DA:200,0
DA:203,0
DA:239,0
DA:260,10
DA:301,0
DA:313,0
DA:354,0
DA:355,0
LF:46
LH:32
BRDA:65,0,0,7
BRDA:65,0,1,0
BRDA:83,1,0,7
BRDA:83,1,1,5
BRDA:84,2,0,2
BRDA:84,2,1,5
BRDA:88,3,0,0
BRDA:88,3,1,4
BRDA:93,4,0,2
BRDA:93,4,1,0
BRDA:100,5,0,0
BRDA:100,5,1,0
BRDA:100,6,0,0
BRDA:100,6,1,0
BRDA:107,7,0,4
BRDA:107,7,1,3
BRDA:126,8,0,1
BRDA:126,8,1,2
BRDA:126,9,0,3
BRDA:126,9,1,2
BRDA:131,10,0,1
BRDA:131,10,1,0
BRDA:145,11,0,2
BRDA:145,11,1,0
BRDA:166,12,0,7
BRDA:166,12,1,2
BRDA:182,13,0,2
BRDA:182,13,1,0
BRDA:197,14,0,7
BRDA:197,14,1,0
BRDA:206,15,0,0
BRDA:206,15,1,0
BRDA:223,16,0,7
BRDA:223,16,1,2
BRDA:240,17,0,0
BRDA:240,17,1,2
BRDA:243,18,0,0
BRDA:243,18,1,2
BRDA:248,19,0,0
BRDA:248,19,1,2
BRDA:263,20,0,8
BRDA:263,20,1,2
BRDA:280,21,0,0
BRDA:280,21,1,2
BRDA:293,22,0,7
BRDA:293,22,1,2
BRDA:329,23,0,7
BRDA:329,23,1,2
BRDA:331,24,0,0
BRDA:331,24,1,2
BRDA:333,25,0,0
BRDA:333,25,1,2
BRDA:338,26,0,0
BRDA:338,26,1,2
BRDA:346,27,0,0
BRDA:346,27,1,2
BRDA:354,28,0,0
BRDA:354,28,1,0
BRF:58
BRH:35
end_of_record
TN:
SF:src/pages/user/ProductsPage.tsx
FN:40,ProductCard
FN:65,(anonymous_1)
FN:96,(anonymous_2)
FN:104,(anonymous_3)
FN:121,(anonymous_4)
FN:134,(anonymous_5)
FN:152,ProductsPage
FN:156,(anonymous_7)
FN:173,(anonymous_8)
FN:175,(anonymous_9)
FN:197,(anonymous_10)
FN:199,(anonymous_11)
FN:201,(anonymous_12)
FN:202,(anonymous_13)
FN:222,(anonymous_14)
FN:222,(anonymous_15)
FN:241,(anonymous_16)
FN:251,(anonymous_17)
FN:255,(anonymous_18)
FN:263,(anonymous_19)
FN:266,(anonymous_20)
FN:277,(anonymous_21)
FN:278,(anonymous_22)
FN:282,(anonymous_23)
FN:283,(anonymous_24)
FN:295,(anonymous_25)
FN:308,(anonymous_26)
FN:308,(anonymous_27)
FN:322,(anonymous_28)
FN:322,(anonymous_29)
FNF:30
FNH:10
FNDA:1,ProductCard
FNDA:0,(anonymous_1)
FNDA:0,(anonymous_2)
FNDA:5,(anonymous_3)
FNDA:0,(anonymous_4)
FNDA:0,(anonymous_5)
FNDA:5,ProductsPage
FNDA:0,(anonymous_7)
FNDA:3,(anonymous_8)
FNDA:3,(anonymous_9)
FNDA:3,(anonymous_10)
FNDA:3,(anonymous_11)
FNDA:3,(anonymous_12)
FNDA:0,(anonymous_13)
FNDA:0,(anonymous_14)
FNDA:0,(anonymous_15)
FNDA:0,(anonymous_16)
FNDA:0,(anonymous_17)
FNDA:0,(anonymous_18)
FNDA:0,(anonymous_19)
FNDA:0,(anonymous_20)
FNDA:36,(anonymous_21)
FNDA:1,(anonymous_22)
FNDA:0,(anonymous_23)
FNDA:0,(anonymous_24)
FNDA:0,(anonymous_25)
FNDA:0,(anonymous_26)
FNDA:0,(anonymous_27)
FNDA:0,(anonymous_28)
FNDA:0,(anonymous_29)
DA:26,1
DA:30,1
DA:50,1
DA:51,1
DA:52,1
DA:53,1
DA:55,1
DA:65,0
DA:96,0
DA:105,5
DA:121,0
DA:134,0
DA:153,5
DA:154,5
DA:155,5
DA:156,5
DA:159,5
DA:160,5
DA:161,5
DA:162,5
DA:163,5
DA:164,5
DA:165,5
DA:166,5
DA:167,5
DA:169,5
DA:170,5
DA:173,5
DA:175,5
DA:176,3
DA:177,3
DA:178,3
DA:186,2
DA:188,3
DA:189,3
DA:193,2
DA:197,5
DA:199,5
DA:200,3
DA:201,3
DA:205,5
DA:206,5
DA:208,5
DA:222,0
DA:241,0
DA:251,0
DA:256,0
DA:263,0
DA:267,0
DA:277,36
DA:279,1
DA:282,0
DA:283,0
DA:295,0
DA:308,0
DA:322,0
LF:56
LH:41
BRDA:67,0,0,1
BRDA:67,0,1,0
BRDA:79,1,0,1
BRDA:79,1,1,0
BRDA:89,2,0,1
BRDA:89,2,1,0
BRDA:108,3,0,4
BRDA:108,3,1,1
BRDA:122,4,0,0
BRDA:122,4,1,1
BRDA:125,5,0,0
BRDA:125,5,1,1
BRDA:130,6,0,0
BRDA:130,6,1,1
BRDA:170,7,0,5
BRDA:170,7,1,0
BRDA:181,8,0,3
BRDA:181,8,1,3
BRDA:184,9,0,3
BRDA:184,9,1,3
BRDA:186,10,0,2
BRDA:186,10,1,0
BRDA:201,11,0,3
BRDA:201,11,1,0
BRDA:205,12,0,5
BRDA:205,12,1,3
BRDA:206,13,0,5
BRDA:206,13,1,5
BRDA:214,14,0,5
BRDA:214,14,1,2
BRDA:233,15,0,0
BRDA:233,15,1,5
BRDA:246,16,0,5
BRDA:246,16,1,0
BRDA:276,17,0,3
BRDA:276,17,1,2
BRDA:289,18,0,5
BRDA:289,18,1,2
BRDA:289,18,2,1
BRDA:304,19,0,5
BRDA:304,19,1,2
BRDA:304,19,2,0
BRF:42
BRH:30
end_of_record
TN:
SF:src/pages/user/ProfilePage.tsx
FN:21,ProfilePage
FN:26,(anonymous_1)
FN:28,(anonymous_2)
FN:112,(anonymous_3)
FN:124,(anonymous_4)
FN:137,(anonymous_5)
FNF:6
FNH:2
FNDA:1,ProfilePage
FNDA:3,(anonymous_1)
FNDA:0,(anonymous_2)
FNDA:0,(anonymous_3)
FNDA:0,(anonymous_4)
FNDA:0,(anonymous_5)
DA:22,1
DA:23,1
DA:24,1
DA:25,1
DA:26,3
DA:28,1
DA:29,0
DA:30,0
DA:33,1
DA:36,1
DA:43,1
DA:49,1
DA:112,0
DA:124,0
DA:137,0
LF:15
LH:10
BRDA:33,0,0,0
BRDA:33,0,1,1
BRDA:36,1,0,0
BRDA:36,1,1,1
BRDA:38,2,0,0
BRDA:38,2,1,1
BRDA:43,3,0,0
BRDA:43,3,1,1
BRDA:45,4,0,0
BRDA:45,4,1,1
BRDA:134,5,0,1
BRDA:134,5,1,1
BRDA:134,5,2,0
BRF:13
BRH:7
end_of_record
TN:
SF:src/pages/user/WishlistPage.tsx
FN:38,WishlistPage
FN:43,(anonymous_1)
FN:52,(anonymous_2)
FN:61,(anonymous_3)
FN:62,(anonymous_4)
FN:65,(anonymous_5)
FN:75,(anonymous_6)
FN:78,(anonymous_7)
FN:81,(anonymous_8)
FN:82,(anonymous_9)
FN:83,(anonymous_10)
FN:106,(anonymous_11)
FN:133,(anonymous_12)
FN:153,(anonymous_13)
FN:165,(anonymous_14)
FN:193,(anonymous_15)
FN:213,(anonymous_16)
FN:225,(anonymous_17)
FN:248,(anonymous_18)
FN:259,(anonymous_19)
FNF:20
FNH:2
FNDA:2,WishlistPage
FNDA:0,(anonymous_1)
FNDA:1,(anonymous_2)
FNDA:0,(anonymous_3)
FNDA:0,(anonymous_4)
FNDA:0,(anonymous_5)
FNDA:0,(anonymous_6)
FNDA:0,(anonymous_7)
FNDA:0,(anonymous_8)
FNDA:0,(anonymous_9)
FNDA:0,(anonymous_10)
FNDA:0,(anonymous_11)
FNDA:0,(anonymous_12)
FNDA:0,(anonymous_13)
FNDA:0,(anonymous_14)
FNDA:0,(anonymous_15)
FNDA:0,(anonymous_16)
FNDA:0,(anonymous_17)
FNDA:0,(anonymous_18)
FNDA:0,(anonymous_19)
DA:39,2
DA:40,2
DA:41,2
DA:42,2
DA:43,2
DA:45,2
DA:46,2
DA:47,2
DA:48,2
DA:52,2
DA:53,1
DA:54,1
DA:55,1
DA:56,1
DA:57,1
DA:60,0
DA:61,0
DA:63,0
DA:64,0
DA:65,0
DA:66,0
DA:67,0
DA:69,0
DA:72,0
DA:73,0
DA:75,0
DA:78,2
DA:79,0
DA:80,0
DA:81,0
DA:82,0
DA:83,0
DA:84,0
DA:85,0
DA:86,0
DA:91,2
DA:94,2
DA:95,1
DA:106,0
DA:115,1
DA:134,0
DA:154,0
DA:155,0
DA:157,0
DA:166,0
DA:194,0
DA:195,0
DA:214,0
DA:225,0
DA:249,0
DA:259,0
LF:51
LH:20
BRDA:53,0,0,1
BRDA:53,0,1,0
BRDA:66,1,0,0
BRDA:66,1,1,0
BRDA:79,2,0,0
BRDA:79,2,1,0
BRDA:91,3,0,0
BRDA:91,3,1,2
BRDA:94,4,0,1
BRDA:94,4,1,1
BRDA:94,5,0,2
BRDA:94,5,1,1
BRDA:123,6,0,1
BRDA:123,6,1,0
BRDA:131,7,0,2
BRDA:131,7,1,1
BRDA:150,8,0,2
BRDA:150,8,1,0
BRDA:169,9,0,0
BRDA:169,9,1,0
BRDA:182,10,0,0
BRDA:182,10,1,0
BRDA:206,11,0,0
BRDA:206,11,1,0
BRDA:226,12,0,0
BRDA:226,12,1,0
BRDA:228,13,0,0
BRDA:228,13,1,0
BRDA:230,14,0,0
BRDA:230,14,1,0
BRDA:236,15,0,0
BRDA:236,15,1,0
BRDA:238,16,0,0
BRDA:238,16,1,0
BRF:34
BRH:10
end_of_record
TN:
SF:src/routes/AppRouter.tsx
FN:66,(anonymous_0)
FN:67,(anonymous_1)
FN:70,(anonymous_2)
FN:71,(anonymous_3)
FN:72,(anonymous_4)
FN:75,(anonymous_5)
FN:76,(anonymous_6)
FN:77,(anonymous_7)
FN:78,(anonymous_8)
FN:79,(anonymous_9)
FN:80,(anonymous_10)
FN:81,(anonymous_11)
FN:82,(anonymous_12)
FN:85,(anonymous_13)
FN:86,(anonymous_14)
FN:87,(anonymous_15)
FN:88,(anonymous_16)
FN:89,(anonymous_17)
FN:90,(anonymous_18)
FN:91,(anonymous_19)
FN:97,Page
FN:113,AppRouter
FNF:22
FNH:8
FNDA:0,(anonymous_0)
FNDA:0,(anonymous_1)
FNDA:1,(anonymous_2)
FNDA:1,(anonymous_3)
FNDA:1,(anonymous_4)
FNDA:0,(anonymous_5)
FNDA:0,(anonymous_6)
FNDA:0,(anonymous_7)
FNDA:0,(anonymous_8)
FNDA:0,(anonymous_9)
FNDA:0,(anonymous_10)
FNDA:0,(anonymous_11)
FNDA:0,(anonymous_12)
FNDA:1,(anonymous_13)
FNDA:0,(anonymous_14)
FNDA:1,(anonymous_15)
FNDA:1,(anonymous_16)
FNDA:0,(anonymous_17)
FNDA:0,(anonymous_18)
FNDA:0,(anonymous_19)
FNDA:6,Page
FNDA:7,AppRouter
DA:66,1
DA:67,1
DA:70,1
DA:71,1
DA:72,1
DA:75,1
DA:76,1
DA:77,1
DA:78,1
DA:79,1
DA:80,1
DA:81,1
DA:82,1
DA:85,1
DA:86,1
DA:87,1
DA:88,1
DA:89,1
DA:90,1
DA:91,1
DA:98,6
DA:114,7
DA:116,7
LF:23
LH:23
BRF:0
BRH:0
end_of_record
TN:
SF:src/routes/DeepLinkGuard.tsx
FN:83,checkResourceOwnership
FN:89,(anonymous_1)
FN:109,resolveResourceErrorCode
FN:157,DeepLinkGuard
FN:168,(anonymous_4)
FN:171,validate
FN:213,(anonymous_6)
FNF:7
FNH:7
FNDA:5,checkResourceOwnership
FNDA:5,(anonymous_1)
FNDA:2,resolveResourceErrorCode
FNDA:11,DeepLinkGuard
FNDA:6,(anonymous_4)
FNDA:6,validate
FNDA:6,(anonymous_6)
DA:89,5
DA:92,5
DA:93,5
DA:94,1
DA:98,4
DA:99,1
DA:102,3
DA:110,2
DA:114,2
DA:162,11
DA:163,11
DA:164,11
DA:166,11
DA:168,11
DA:169,6
DA:173,6
DA:174,2
DA:175,2
DA:176,1
DA:177,1
DA:178,1
DA:180,1
DA:185,5
DA:186,5
DA:192,5
DA:194,4
DA:195,2
DA:196,2
DA:197,2
DA:200,2
DA:201,0
DA:202,0
DA:203,0
DA:208,2
DA:211,6
DA:213,6
DA:214,6
DA:219,11
DA:220,6
DA:224,5
DA:225,3
DA:228,2
LF:42
LH:39
BRDA:93,0,0,1
BRDA:93,0,1,4
BRDA:98,1,0,1
BRDA:98,1,1,3
BRDA:98,2,0,4
BRDA:98,2,1,4
BRDA:114,3,0,2
BRDA:114,3,1,1
BRDA:160,4,0,11
BRDA:164,5,0,11
BRDA:164,5,1,0
BRDA:164,5,2,0
BRDA:173,6,0,2
BRDA:173,6,1,4
BRDA:174,7,0,2
BRDA:174,7,1,0
BRDA:175,8,0,1
BRDA:175,8,1,1
BRDA:176,9,0,1
BRDA:176,9,1,0
BRDA:185,10,0,5
BRDA:185,10,1,0
BRDA:185,11,0,5
BRDA:185,11,1,5
BRDA:192,12,0,1
BRDA:192,12,1,4
BRDA:194,13,0,2
BRDA:194,13,1,2
BRDA:200,14,0,0
BRDA:200,14,1,2
BRDA:208,15,0,2
BRDA:208,15,1,0
BRDA:219,16,0,6
BRDA:219,16,1,5
BRDA:224,17,0,3
BRDA:224,17,1,2
BRDA:224,18,0,5
BRDA:224,18,1,3
BRDA:224,18,2,3
BRF:39
BRH:32
end_of_record
TN:
SF:src/routes/FeatureGuard.tsx
FN:81,FeatureGuard
FN:86,(anonymous_1)
FNF:2
FNH:2
FNDA:6,FeatureGuard
FNDA:6,(anonymous_1)
DA:86,6
DA:87,6
DA:89,6
DA:90,4
DA:93,4
DA:96,2
LF:6
LH:6
BRDA:83,0,0,6
BRDA:84,1,0,6
BRDA:89,2,0,4
BRDA:89,2,1,2
BRDA:91,3,0,4
BRDA:91,3,1,0
BRF:6
BRH:5
end_of_record
TN:
SF:src/routes/ProtectedRoute.tsx
FN:60,ProtectedRoute
FNF:1
FNH:1
FNDA:5,ProtectedRoute
DA:61,5
DA:62,5
DA:63,5
DA:68,5
DA:70,5
DA:73,4
DA:77,4
DA:87,1
LF:8
LH:8
BRDA:68,0,0,5
BRDA:68,0,1,2
BRDA:70,1,0,4
BRDA:70,1,1,1
BRF:4
BRH:4
end_of_record
TN:
SF:src/routes/RoleGuard.tsx
FN:93,RoleGuard
FNF:1
FNH:1
FNDA:4,RoleGuard
DA:94,4
DA:100,4
DA:101,1
DA:104,3
DA:106,3
DA:107,1
DA:110,2
LF:7
LH:7
BRDA:100,0,0,1
BRDA:100,0,1,3
BRDA:106,1,0,1
BRDA:106,1,1,2
BRF:4
BRH:4
end_of_record
TN:
SF:src/routes/WhitelistGuard.tsx
FN:68,WhitelistGuard
FN:96,(anonymous_1)
FNF:2
FNH:2
FNDA:7,WhitelistGuard
FNDA:2,(anonymous_1)
DA:71,7
DA:72,7
DA:73,7
DA:76,7
DA:79,6
DA:80,2
DA:81,1
DA:82,1
DA:87,5
DA:88,2
DA:89,1
DA:90,1
DA:95,4
DA:96,2
DA:97,2
DA:99,2
DA:100,1
DA:101,1
DA:106,3
LF:19
LH:19
BRDA:69,0,0,7
BRDA:76,1,0,1
BRDA:76,1,1,6
BRDA:79,2,0,2
BRDA:79,2,1,4
BRDA:79,3,0,6
BRDA:79,3,1,2
BRDA:80,4,0,1
BRDA:80,4,1,1
BRDA:80,5,0,2
BRDA:80,5,1,2
BRDA:87,6,0,2
BRDA:87,6,1,3
BRDA:87,7,0,5
BRDA:87,7,1,2
BRDA:88,8,0,1
BRDA:88,8,1,1
BRDA:88,9,0,2
BRDA:88,9,1,2
BRDA:95,10,0,2
BRDA:95,10,1,2
BRDA:95,11,0,4
BRDA:95,11,1,2
BRDA:99,12,0,1
BRDA:99,12,1,1
BRF:25
BRH:25
end_of_record
TN:
SF:src/schemas/checkout.schema.ts
FN:31,isDeclinedCard
FNF:1
FNH:1
FNDA:5,isDeclinedCard
DA:3,2
DA:32,5
LF:2
LH:2
BRF:0
BRH:0
end_of_record
TN:
SF:src/schemas/login.schema.ts
FNF:0
FNH:0
DA:3,2
LF:1
LH:1
BRF:0
BRH:0
end_of_record
TN:
SF:src/schemas/product.schema.ts
FNF:0
FNH:0
DA:25,3
LF:1
LH:1
BRF:0
BRH:0
end_of_record
TN:
SF:src/schemas/register.schema.ts
FNF:0
FNH:0
DA:6,2
DA:8,2
LF:2
LH:2
BRF:0
BRH:0
end_of_record
TN:
SF:src/store/auth.store.ts
FN:67,loadStoredUser
FN:77,persistUser
FN:85,clearPersistedUser
FN:93,loadStoredFeatureFlags
FN:110,persistFeatureFlags
FN:118,clearPersistedFeatureFlags
FN:132,defaultFeatureFlags
FN:200,cleanupLegacyStorage
FN:208,(anonymous_8)
FN:226,resolveInitialAuthState
FN:255,(anonymous_10)
FN:261,(anonymous_11)
FN:267,(anonymous_12)
FN:272,(anonymous_13)
FN:277,(anonymous_14)
FNF:15
FNH:14
FNDA:3,loadStoredUser
FNDA:7,persistUser
FNDA:6,clearPersistedUser
FNDA:0,loadStoredFeatureFlags
FNDA:2,persistFeatureFlags
FNDA:6,clearPersistedFeatureFlags
FNDA:9,defaultFeatureFlags
FNDA:3,cleanupLegacyStorage
FNDA:12,(anonymous_8)
FNDA:3,resolveInitialAuthState
FNDA:3,(anonymous_10)
FNDA:7,(anonymous_11)
FNDA:3,(anonymous_12)
FNDA:2,(anonymous_13)
FNDA:6,(anonymous_14)
DA:60,3
DA:61,3
DA:68,3
DA:69,3
DA:70,3
DA:71,0
DA:73,0
DA:78,7
DA:79,7
DA:86,6
DA:87,6
DA:94,0
DA:95,0
DA:96,0
DA:97,0
DA:101,0
DA:102,0
DA:104,0
DA:106,0
DA:111,2
DA:112,2
DA:119,6
DA:120,6
DA:133,9
DA:134,9
DA:142,0
DA:201,3
DA:207,3
DA:208,12
DA:227,3
DA:229,3
DA:230,3
DA:232,0
DA:233,0
DA:236,0
DA:237,0
DA:238,0
DA:241,0
DA:244,3
DA:255,3
DA:262,7
DA:263,7
DA:264,7
DA:268,3
DA:269,3
DA:273,2
DA:274,2
DA:278,6
DA:279,6
DA:280,6
DA:281,6
DA:285,6
DA:286,6
DA:287,6
LF:54
LH:37
BRDA:70,0,0,3
BRDA:70,0,1,0
BRDA:96,1,0,0
BRDA:96,1,1,0
BRDA:101,2,0,0
BRDA:101,2,1,0
BRDA:133,3,0,9
BRDA:133,3,1,0
BRDA:230,4,0,3
BRDA:230,4,1,0
BRDA:233,5,0,0
BRDA:233,5,1,0
BRF:12
BRH:3
end_of_record
TN:
SF:src/store/cart.store.ts
FN:122,(anonymous_0)
FN:126,(anonymous_1)
FN:127,(anonymous_2)
FN:128,(anonymous_3)
FN:134,(anonymous_4)
FN:157,(anonymous_5)
FN:158,(anonymous_6)
FN:159,(anonymous_7)
FN:163,(anonymous_8)
FN:168,(anonymous_9)
FN:169,(anonymous_10)
FN:180,(anonymous_11)
FN:182,(anonymous_12)
FN:184,(anonymous_13)
FN:185,(anonymous_14)
FN:187,(anonymous_15)
FN:189,(anonymous_16)
FN:198,(anonymous_17)
FNF:18
FNH:18
FNDA:5,(anonymous_0)
FNDA:24,(anonymous_1)
FNDA:24,(anonymous_2)
FNDA:7,(anonymous_3)
FNDA:2,(anonymous_4)
FNDA:4,(anonymous_5)
FNDA:4,(anonymous_6)
FNDA:5,(anonymous_7)
FNDA:4,(anonymous_8)
FNDA:2,(anonymous_9)
FNDA:2,(anonymous_10)
FNDA:21,(anonymous_11)
FNDA:1,(anonymous_12)
FNDA:3,(anonymous_13)
FNDA:2,(anonymous_14)
FNDA:3,(anonymous_15)
FNDA:3,(anonymous_16)
FNDA:52,(anonymous_17)
DA:121,5
DA:123,5
DA:127,24
DA:128,24
DA:129,7
DA:132,24
DA:133,2
DA:135,2
DA:148,22
DA:158,4
DA:159,5
DA:164,4
DA:165,2
DA:166,2
DA:168,2
DA:170,2
DA:180,21
DA:182,1
DA:185,3
DA:188,3
DA:190,3
DA:198,52
LF:22
LH:22
BRDA:126,0,0,24
BRDA:132,1,0,2
BRDA:132,1,1,22
BRDA:135,2,0,2
BRDA:135,2,1,0
BRDA:164,3,0,2
BRDA:164,3,1,2
BRDA:170,4,0,2
BRDA:170,4,1,0
BRF:9
BRH:7
end_of_record
TN:
SF:src/store/ui.store.ts
FN:153,(anonymous_0)
FN:158,(anonymous_1)
FN:159,(anonymous_2)
FN:161,(anonymous_3)
FN:162,(anonymous_4)
FN:171,(anonymous_5)
FN:172,(anonymous_6)
FN:179,(anonymous_7)
FN:180,(anonymous_8)
FN:181,(anonymous_9)
FN:188,(anonymous_10)
FN:190,(anonymous_11)
FN:190,(anonymous_11)
FNF:13
FNH:13
FNDA:6,(anonymous_0)
FNDA:7,(anonymous_1)
FNDA:7,(anonymous_2)
FNDA:4,(anonymous_3)
FNDA:4,(anonymous_4)
FNDA:13,(anonymous_5)
FNDA:13,(anonymous_6)
FNDA:2,(anonymous_7)
FNDA:2,(anonymous_8)
FNDA:3,(anonymous_9)
FNDA:4,(anonymous_10)
FNDA:3,(anonymous_11)
FNDA:1,(anonymous_11)
DA:153,6
DA:159,7
DA:162,4
DA:172,13
DA:180,2
DA:181,3
DA:188,4
DA:190,3
LF:8
LH:8
BRDA:171,0,0,13
BRDA:171,1,0,13
BRF:2
BRH:2
end_of_record
TN:
SF:src/store/wishlist.store.ts
FN:138,(anonymous_0)
FN:142,(anonymous_1)
FN:143,(anonymous_2)
FN:145,(anonymous_3)
FN:157,(anonymous_4)
FN:158,(anonymous_5)
FN:159,(anonymous_6)
FN:163,(anonymous_7)
FN:173,(anonymous_8)
FN:174,(anonymous_9)
FN:176,(anonymous_10)
FN:178,(anonymous_11)
FN:178,(anonymous_12)
FN:180,(anonymous_13)
FN:182,(anonymous_14)
FN:191,(anonymous_15)
FN:180,(anonymous_13)
FNF:17
FNH:17
FNDA:4,(anonymous_0)
FNDA:21,(anonymous_1)
FNDA:21,(anonymous_2)
FNDA:5,(anonymous_3)
FNDA:5,(anonymous_4)
FNDA:5,(anonymous_5)
FNDA:6,(anonymous_6)
FNDA:5,(anonymous_7)
FNDA:11,(anonymous_8)
FNDA:5,(anonymous_9)
FNDA:20,(anonymous_10)
FNDA:3,(anonymous_11)
FNDA:4,(anonymous_12)
FNDA:4,(anonymous_13)
FNDA:3,(anonymous_14)
FNDA:49,(anonymous_15)
FNDA:3,(anonymous_13)
DA:137,4
DA:139,4
DA:143,21
DA:145,21
DA:146,1
DA:148,20
DA:158,5
DA:159,6
DA:165,5
DA:166,5
DA:167,2
DA:169,3
DA:174,11
DA:176,20
DA:178,4
DA:181,4
DA:182,3
DA:191,49
LF:18
LH:18
BRDA:145,0,0,1
BRDA:145,0,1,20
BRDA:166,1,0,2
BRDA:166,1,1,3
BRF:4
BRH:4
end_of_record
TN:
SF:src/stories/Button.tsx
FN:19,(anonymous_0)
FNF:1
FNH:1
FNDA:12,(anonymous_0)
DA:1,3
DA:19,3
DA:26,12
DA:27,12
LF:4
LH:4
BRDA:20,0,0,12
BRDA:21,1,0,12
BRDA:26,2,0,4
BRDA:26,2,1,8
BRF:4
BRH:4
end_of_record
TN:
SF:src/stories/Header.tsx
FN:17,(anonymous_0)
FNF:1
FNH:1
FNDA:5,(anonymous_0)
DA:1,2
DA:17,2
DA:18,5
LF:3
LH:3
BRDA:40,0,0,2
BRDA:40,0,1,3
BRF:2
BRH:2
end_of_record
TN:
SF:src/stories/Page.tsx
FN:10,(anonymous_0)
FN:17,(anonymous_1)
FN:18,(anonymous_2)
FN:19,(anonymous_3)
FNF:4
FNH:2
FNDA:3,(anonymous_0)
FNDA:1,(anonymous_1)
FNDA:0,(anonymous_2)
FNDA:0,(anonymous_3)
DA:1,1
DA:10,1
DA:11,3
DA:13,3
DA:17,1
DA:18,0
DA:19,0
LF:7
LH:5
BRF:0
BRH:0
end_of_record
TN:
SF:src/themes/theme.context.tsx
FN:124,loadTheme
FN:136,loadCustomTheme
FN:149,applyCustomProperties
FN:158,removeCustomProperties
FN:180,ThemeProvider
FN:187,(anonymous_5)
FN:209,(anonymous_6)
FN:210,(anonymous_7)
FN:213,(anonymous_8)
FN:254,useTheme
FNF:10
FNH:10
FNDA:8,loadTheme
FNDA:8,loadCustomTheme
FNDA:1,applyCustomProperties
FNDA:12,removeCustomProperties
FNDA:13,ThemeProvider
FNDA:13,(anonymous_5)
FNDA:2,(anonymous_6)
FNDA:2,(anonymous_7)
FNDA:4,(anonymous_8)
FNDA:16,useTheme
DA:106,1
DA:118,1
DA:125,8
DA:126,8
DA:127,8
DA:128,2
DA:133,6
DA:137,8
DA:138,8
DA:139,8
DA:141,0
DA:150,1
DA:151,1
DA:152,1
DA:153,1
DA:154,1
DA:155,1
DA:159,12
DA:160,12
DA:161,12
DA:162,12
DA:163,12
DA:164,12
DA:181,13
DA:182,13
DA:187,13
DA:188,13
DA:190,13
DA:191,5
DA:192,5
DA:193,8
DA:194,1
DA:195,1
DA:196,1
DA:198,7
DA:199,7
DA:202,13
DA:203,13
DA:209,13
DA:210,2
DA:213,13
DA:214,4
DA:215,1
DA:216,1
DA:217,1
DA:218,1
DA:223,4
DA:226,13
DA:255,16
DA:256,16
DA:257,2
DA:259,13
LF:52
LH:51
BRDA:127,0,0,2
BRDA:127,0,1,6
BRDA:127,1,0,8
BRDA:127,1,1,6
BRDA:127,1,2,6
BRDA:139,2,0,0
BRDA:139,2,1,8
BRDA:190,3,0,5
BRDA:190,3,1,8
BRDA:193,4,0,1
BRDA:193,4,1,7
BRDA:195,5,0,1
BRDA:195,5,1,0
BRDA:210,6,0,1
BRDA:210,6,1,1
BRDA:214,7,0,1
BRDA:214,7,1,3
BRDA:215,8,0,1
BRDA:215,8,1,0
BRDA:256,9,0,2
BRDA:256,9,1,14
BRF:21
BRH:18
end_of_record
TN:
SF:src/utils/cookie.service.ts
FN:17,(anonymous_0)
FN:21,(anonymous_1)
FN:25,(anonymous_2)
FN:29,(anonymous_3)
FN:33,(anonymous_4)
FNF:5
FNH:5
FNDA:3,(anonymous_0)
FNDA:2,(anonymous_1)
FNDA:1,(anonymous_2)
FNDA:1,(anonymous_3)
FNDA:1,(anonymous_4)
DA:3,5
DA:4,5
DA:6,5
DA:16,5
DA:18,3
DA:22,2
DA:26,1
DA:30,1
DA:34,1
LF:9
LH:9
BRF:0
BRH:0
end_of_record
TN:
SF:src/utils/normalizeApiError.ts
FN:77,extractApiMessage
FN:110,normalizeApiError
FNF:2
FNH:2
FNDA:10,extractApiMessage
FNDA:20,normalizeApiError
DA:78,10
DA:84,5
DA:86,5
DA:114,20
DA:115,1
DA:118,19
DA:123,15
DA:124,1
DA:136,14
DA:137,1
DA:143,13
DA:144,13
DA:149,13
DA:150,3
DA:162,10
DA:163,4
DA:173,6
DA:174,3
DA:182,3
DA:191,4
DA:192,1
DA:195,3
LF:22
LH:22
BRDA:78,0,0,5
BRDA:78,0,1,5
BRDA:79,1,0,10
BRDA:79,1,1,10
BRDA:79,1,2,9
BRDA:79,1,3,5
BRDA:114,2,0,1
BRDA:114,2,1,19
BRDA:118,3,0,15
BRDA:118,3,1,4
BRDA:123,4,0,1
BRDA:123,4,1,14
BRDA:136,5,0,1
BRDA:136,5,1,13
BRDA:136,6,0,14
BRDA:136,6,1,14
BRDA:143,7,0,13
BRDA:143,7,1,0
BRDA:149,8,0,3
BRDA:149,8,1,10
BRDA:162,9,0,4
BRDA:162,9,1,6
BRDA:162,10,0,10
BRDA:162,10,1,8
BRDA:173,11,0,3
BRDA:173,11,1,3
BRDA:173,12,0,6
BRDA:173,12,1,4
BRDA:191,13,0,1
BRDA:191,13,1,3
BRF:30
BRH:29
end_of_record
TN:
SF:src/utils/prefetch.ts
FN:61,isSaveData
FN:88,prefetchProductDetail
FN:110,prefetchCheckout
FN:126,prefetchAdminDashboard
FN:139,prefetchOrders
FN:92,(anonymous_2)
FN:112,(anonymous_4)
FN:128,(anonymous_6)
FN:141,(anonymous_8)
FNF:9
FNH:9
FNDA:13,isSaveData
FNDA:4,prefetchProductDetail
FNDA:3,prefetchCheckout
FNDA:3,prefetchAdminDashboard
FNDA:3,prefetchOrders
FNDA:4,(anonymous_2)
FNDA:3,(anonymous_4)
FNDA:3,(anonymous_6)
FNDA:3,(anonymous_8)
DA:63,13
DA:89,4
DA:92,3
DA:111,3
DA:112,2
DA:127,3
DA:128,2
DA:140,3
DA:141,2
LF:9
LH:9
BRDA:89,0,0,1
BRDA:89,0,1,3
BRDA:111,1,0,1
BRDA:111,1,1,2
BRDA:127,2,0,1
BRDA:127,2,1,2
BRDA:140,3,0,1
BRDA:140,3,1,2
BRF:8
BRH:8
end_of_record
TN:
SF:src/utils/slug.ts
FN:75,slugify
FN:101,toProductSlugId
FN:131,extractProductId
FNF:3
FNH:3
FNDA:20,slugify
FNDA:11,toProductSlugId
FNDA:13,extractProductId
DA:76,20
DA:102,11
DA:134,13
DA:135,13
LF:4
LH:4
BRDA:135,0,0,5
BRDA:135,0,1,8
BRF:2
BRH:2
end_of_record
